

Microchip MPLAB XC8 Assembler V2.31 build 20201012212115 
                                                                                               Fri Feb 12 08:32:20 2021

Microchip MPLAB XC8 C Compiler v2.31 (Free license) build 20201012212115 Og1 
     1                           	processor	18F27Q43
     2                           	fnconf	rparam,??,?,0
     3                           	pagewidth 120
     4                           	opt	flic
     5                           	psect	cinit,global,reloc=2,class=CODE,delta=1
     6                           	psect	bssCOMRAM,global,class=COMRAM,space=1,delta=1,lowdata,noexec
     7                           	psect	cstackCOMRAM,global,class=COMRAM,space=1,delta=1,lowdata,noexec
     8                           	psect	text0,global,reloc=2,class=CODE,delta=1
     9                           	psect	text1,global,reloc=2,class=CODE,delta=1
    10                           	psect	text2,global,reloc=2,class=CODE,delta=1
    11                           	psect	text3,global,reloc=2,class=CODE,delta=1
    12                           	psect	text4,global,reloc=2,class=CODE,delta=1
    13                           	psect	text5,global,reloc=2,class=CODE,delta=1
    14                           	psect	text6,global,reloc=2,class=CODE,delta=1
    15                           	psect	intsave_regs,global,class=BIGRAM,space=1,delta=1,noexec
    16                           	psect	rparam,global,class=COMRAM,space=1,delta=1,noexec
    17                           	psect	idloc,global,abs,ovrld,class=IDLOC,space=5,delta=1,noexec
    18                           	psect	config,global,abs,ovrld,class=CONFIG,space=4,delta=1,noexec
    19  0000                     
    20                           ; Version 2.30
    21                           ; Generated 20/08/2020 GMT
    22                           ; 
    23                           ; Copyright © 2020, Microchip Technology Inc. and its subsidiaries ("Microchip")
    24                           ; All rights reserved.
    25                           ; 
    26                           ; This software is developed by Microchip Technology Inc. and its subsidiaries ("Microch
      +                          ip").
    27                           ; 
    28                           ; Redistribution and use in source and binary forms, with or without modification, are
    29                           ; permitted provided that the following conditions are met:
    30                           ; 
    31                           ;     1. Redistributions of source code must retain the above copyright notice, this lis
      +                          t of
    32                           ;        conditions and the following disclaimer.
    33                           ; 
    34                           ;     2. Redistributions in binary form must reproduce the above copyright notice, this 
      +                          list
    35                           ;        of conditions and the following disclaimer in the documentation and/or other
    36                           ;        materials provided with the distribution. Publication is not required when
    37                           ;        this file is used in an embedded application.
    38                           ; 
    39                           ;     3. Microchip's name may not be used to endorse or promote products derived from th
      +                          is
    40                           ;        software without specific prior written permission.
    41                           ; 
    42                           ; THIS SOFTWARE IS PROVIDED BY MICROCHIP "AS IS" AND ANY EXPRESS OR IMPLIED WARRANTIES,
    43                           ; INCLUDING, BUT NOT LIMITED TO, THE IMPLIED WARRANTIES OF MERCHANTABILITY AND FITNESS F
      +                          OR
    44                           ; PURPOSE ARE DISCLAIMED.  IN NO EVENT SHALL MICROCHIP BE LIABLE FOR ANY DIRECT, INDIREC
      +                          T,
    45                           ; INCIDENTAL, SPECIAL, EXEMPLARY, OR CONSEQUENTIAL DAMAGES (INCLUDING BUT NOT LIMITED TO
    46                           ; PROCUREMENT OF SUBSTITUTE GOODS OR SERVICES; LOSS OF USE, DATA OR PROFITS; OR BUSINESS
    47                           ; INTERRUPTION) HOWSOEVER CAUSED AND ON ANY THEORY OF LIABILITY, WHETHER IN CONTRACT, ST
      +                          RICT
    48                           ; LIABILITY, OR TORT (INCLUDING NEGLIGENCE OR OTHERWISE) ARISING IN ANY WAY OUT OF THE U
      +                          SE OF
    49                           ; THIS SOFTWARE, EVEN IF ADVISED OF THE POSSIBILITY OF SUCH DAMAGE.
    50                           ; 
    51                           ; 
    52                           ; Code-generator required, PIC18F27Q43 Definitions
    53                           ; 
    54                           ; SFR Addresses
    55  0000                     _ANSELA	set	1024
    56  0000                     _LATA	set	1214
    57  0000                     _TRISA	set	1222
    58  0000                     _PORTA	set	1230
    59  0000                     _RA7	set	9847
    60                           
    61                           ; #config settings
    62                           
    63                           	psect	cinit
    64  01FF76                     __pcinit:
    65                           	callstack 0
    66  01FF76                     start_initialization:
    67                           	callstack 0
    68  01FF76                     __initialization:
    69                           	callstack 0
    70                           
    71                           ; Clear objects allocated to COMRAM (13 bytes)
    72  01FF76  EE01  F101         	lfsr	0,__pbssCOMRAM
    73  01FF7A  0E0D               	movlw	13
    74  01FF7C                     clear_0:
    75  01FF7C  6AEE               	clrf	postinc0,c
    76  01FF7E  06E8               	decf	wreg,f,c
    77  01FF80  E1FD               	bnz	clear_0
    78  01FF82                     end_of_initialization:
    79                           	callstack 0
    80  01FF82                     __end_of__initialization:
    81                           	callstack 0
    82  01FF82  0100               	movlb	0
    83  01FF84  EFD5  F0FF         	goto	_main	;jump to C main() function
    84                           
    85                           	psect	bssCOMRAM
    86  000501                     __pbssCOMRAM:
    87                           	callstack 0
    88  000501                     _G_u32SystemFlags:
    89                           	callstack 0
    90  000501                     	ds	4
    91  000505                     _G_u32SystemTime1s:
    92                           	callstack 0
    93  000505                     	ds	4
    94  000509                     _G_u32SystemTime1ms:
    95                           	callstack 0
    96  000509                     	ds	4
    97  00050D                     _G_u8UserAppFlags:
    98                           	callstack 0
    99  00050D                     	ds	1
   100                           
   101                           	psect	cstackCOMRAM
   102  00050E                     __pcstackCOMRAM:
   103                           	callstack 0
   104  00050E                     ??_UserAppRun:
   105  00050E                     
   106                           ; 1 bytes @ 0x0
   107  00050E                     	ds	2
   108  000510                     UserAppRun@i:
   109                           	callstack 0
   110                           
   111                           ; 1 bytes @ 0x2
   112  000510                     	ds	1
   113  000511                     
   114                           ; 1 bytes @ 0x3
   115 ;;
   116 ;;Main: autosize = 0, tempsize = 0, incstack = 0, save=0
   117 ;;
   118 ;; *************** function _main *****************
   119 ;; Defined at:
   120 ;;		line 35 in file "main.c"
   121 ;; Parameters:    Size  Location     Type
   122 ;;		None
   123 ;; Auto vars:     Size  Location     Type
   124 ;;		None
   125 ;; Return value:  Size  Location     Type
   126 ;;                  1    wreg      void 
   127 ;; Registers used:
   128 ;;		wreg, status,2, status,0, cstack
   129 ;; Tracked objects:
   130 ;;		On entry : 0/0
   131 ;;		On exit  : 0/0
   132 ;;		Unchanged: 0/0
   133 ;; Data sizes:     COMRAM   BANK5   BANK6   BANK7   BANK8   BANK9  BANK10  BANK11  BANK12  BANK13  BANK14  BANK15  BANK1
      +6  BANK17  BANK18  BANK19  BANK20  BANK21  BANK22  BANK23  BANK24  BANK25  BANK26  BANK27  BANK28  BANK29  BANK30  BANK3
      +1  BANK32  BANK33  BANK34  BANK35  BANK36  BANK37
   134 ;;      Params:         0       0       0       0       0       0       0       0       0       0       0       0       
      +0       0       0       0       0       0       0       0       0       0       0       0       0       0       0       
      +0       0       0       0       0       0       0
   135 ;;      Locals:         0       0       0       0       0       0       0       0       0       0       0       0       
      +0       0       0       0       0       0       0       0       0       0       0       0       0       0       0       
      +0       0       0       0       0       0       0
   136 ;;      Temps:          0       0       0       0       0       0       0       0       0       0       0       0       
      +0       0       0       0       0       0       0       0       0       0       0       0       0       0       0       
      +0       0       0       0       0       0       0
   137 ;;      Totals:         0       0       0       0       0       0       0       0       0       0       0       0       
      +0       0       0       0       0       0       0       0       0       0       0       0       0       0       0       
      +0       0       0       0       0       0       0
   138 ;;Total ram usage:        0 bytes
   139 ;; Hardware stack levels required when called:    1
   140 ;; This function calls:
   141 ;;		_ClockSetup
   142 ;;		_GpioSetup
   143 ;;		_SysTickSetup
   144 ;;		_SystemSleep
   145 ;;		_UserAppInitialize
   146 ;;		_UserAppRun
   147 ;; This function is called by:
   148 ;;		Startup code after reset
   149 ;; This function uses a non-reentrant model
   150 ;;
   151                           
   152                           	psect	text0
   153  01FFAA                     __ptext0:
   154                           	callstack 0
   155  01FFAA                     _main:
   156                           	callstack 127
   157  01FFAA                     
   158                           ;main.c: 37:   G_u32SystemFlags |= (u32)0x80000000;
   159  01FFAA  8E04               	bsf	(_G_u32SystemFlags+3)^(0+1280),7,c	;volatile
   160  01FFAC                     
   161                           ;main.c: 40:   ClockSetup();
   162  01FFAC  ECAF  F0FF         	call	_ClockSetup	;wreg free
   163  01FFB0                     
   164                           ;main.c: 41:   SysTickSetup();
   165  01FFB0  ECC4  F0FF         	call	_SysTickSetup	;wreg free
   166  01FFB4                     
   167                           ;main.c: 42:   GpioSetup();
   168  01FFB4  ECB2  F0FF         	call	_GpioSetup	;wreg free
   169  01FFB8                     
   170                           ;main.c: 47:   UserAppInitialize();
   171  01FFB8  ECB1  F0FF         	call	_UserAppInitialize	;wreg free
   172  01FFBC                     l786:
   173                           
   174                           ;main.c: 53:   {;main.c: 57:     UserAppRun();
   175  01FFBC  ECE6  F0FF         	call	_UserAppRun	;wreg free
   176  01FFC0                     
   177                           ;main.c: 62:     SystemSleep();
   178  01FFC0  ECB0  F0FF         	call	_SystemSleep	;wreg free
   179  01FFC4  EFDE  F0FF         	goto	l786
   180  01FFC8  EFFE  F0FF         	goto	start
   181  01FFCC                     __end_of_main:
   182                           	callstack 0
   183                           
   184 ;; *************** function _UserAppRun *****************
   185 ;; Defined at:
   186 ;;		line 96 in file "user_app.c"
   187 ;; Parameters:    Size  Location     Type
   188 ;;		None
   189 ;; Auto vars:     Size  Location     Type
   190 ;;  i               1    2[COMRAM] unsigned char 
   191 ;; Return value:  Size  Location     Type
   192 ;;                  1    wreg      void 
   193 ;; Registers used:
   194 ;;		wreg, status,2, status,0
   195 ;; Tracked objects:
   196 ;;		On entry : 0/0
   197 ;;		On exit  : 0/0
   198 ;;		Unchanged: 0/0
   199 ;; Data sizes:     COMRAM   BANK5   BANK6   BANK7   BANK8   BANK9  BANK10  BANK11  BANK12  BANK13  BANK14  BANK15  BANK1
      +6  BANK17  BANK18  BANK19  BANK20  BANK21  BANK22  BANK23  BANK24  BANK25  BANK26  BANK27  BANK28  BANK29  BANK30  BANK3
      +1  BANK32  BANK33  BANK34  BANK35  BANK36  BANK37
   200 ;;      Params:         0       0       0       0       0       0       0       0       0       0       0       0       
      +0       0       0       0       0       0       0       0       0       0       0       0       0       0       0       
      +0       0       0       0       0       0       0
   201 ;;      Locals:         1       0       0       0       0       0       0       0       0       0       0       0       
      +0       0       0       0       0       0       0       0       0       0       0       0       0       0       0       
      +0       0       0       0       0       0       0
   202 ;;      Temps:          2       0       0       0       0       0       0       0       0       0       0       0       
      +0       0       0       0       0       0       0       0       0       0       0       0       0       0       0       
      +0       0       0       0       0       0       0
   203 ;;      Totals:         3       0       0       0       0       0       0       0       0       0       0       0       
      +0       0       0       0       0       0       0       0       0       0       0       0       0       0       0       
      +0       0       0       0       0       0       0
   204 ;;Total ram usage:        3 bytes
   205 ;; Hardware stack levels used:    1
   206 ;; This function calls:
   207 ;;		Nothing
   208 ;; This function is called by:
   209 ;;		_main
   210 ;; This function uses a non-reentrant model
   211 ;;
   212                           
   213                           	psect	text1
   214  01FFCC                     __ptext1:
   215                           	callstack 0
   216  01FFCC                     _UserAppRun:
   217                           	callstack 127
   218  01FFCC                     
   219                           ;user_app.c: 98:     unsigned char i;;user_app.c: 99:     for (i=0;i<63;i++){
   220  01FFCC  0E00               	movlw	0
   221  01FFCE  6E10               	movwf	UserAppRun@i^(0+1280),c
   222  01FFD0                     l752:
   223                           
   224                           ;user_app.c: 100:         LATA++;
   225  01FFD0  2ABE               	incf	190,f,c	;volatile
   226  01FFD2                     
   227                           ;user_app.c: 101:         _delay((unsigned long)((250)*(16000000/4000.0)));
   228  01FFD2  0E06               	movlw	6
   229  01FFD4  6E0F               	movwf	(??_UserAppRun+1)^(0+1280),c
   230  01FFD6  0E13               	movlw	19
   231  01FFD8  6E0E               	movwf	??_UserAppRun^(0+1280),c
   232  01FFDA  0EAE               	movlw	174
   233  01FFDC                     u27:
   234  01FFDC  2EE8               	decfsz	wreg,f,c
   235  01FFDE  D7FE               	bra	u27
   236  01FFE0  2E0E               	decfsz	??_UserAppRun^(0+1280),f,c
   237  01FFE2  D7FC               	bra	u27
   238  01FFE4  2E0F               	decfsz	(??_UserAppRun+1)^(0+1280),f,c
   239  01FFE6  D7FA               	bra	u27
   240  01FFE8                     
   241                           ;user_app.c: 102:     }
   242  01FFE8  2A10               	incf	UserAppRun@i^(0+1280),f,c
   243  01FFEA  0E3E               	movlw	62
   244  01FFEC  6410               	cpfsgt	UserAppRun@i^(0+1280),c
   245  01FFEE  EFFB  F0FF         	goto	u11
   246  01FFF2  EFFD  F0FF         	goto	u10
   247  01FFF6                     u11:
   248  01FFF6  EFE8  F0FF         	goto	l752
   249  01FFFA                     u10:
   250  01FFFA  0012               	return		;funcret
   251  01FFFC                     __end_of_UserAppRun:
   252                           	callstack 0
   253                           
   254 ;; *************** function _UserAppInitialize *****************
   255 ;; Defined at:
   256 ;;		line 76 in file "user_app.c"
   257 ;; Parameters:    Size  Location     Type
   258 ;;		None
   259 ;; Auto vars:     Size  Location     Type
   260 ;;		None
   261 ;; Return value:  Size  Location     Type
   262 ;;                  1    wreg      void 
   263 ;; Registers used:
   264 ;;		None
   265 ;; Tracked objects:
   266 ;;		On entry : 0/0
   267 ;;		On exit  : 0/0
   268 ;;		Unchanged: 0/0
   269 ;; Data sizes:     COMRAM   BANK5   BANK6   BANK7   BANK8   BANK9  BANK10  BANK11  BANK12  BANK13  BANK14  BANK15  BANK1
      +6  BANK17  BANK18  BANK19  BANK20  BANK21  BANK22  BANK23  BANK24  BANK25  BANK26  BANK27  BANK28  BANK29  BANK30  BANK3
      +1  BANK32  BANK33  BANK34  BANK35  BANK36  BANK37
   270 ;;      Params:         0       0       0       0       0       0       0       0       0       0       0       0       
      +0       0       0       0       0       0       0       0       0       0       0       0       0       0       0       
      +0       0       0       0       0       0       0
   271 ;;      Locals:         0       0       0       0       0       0       0       0       0       0       0       0       
      +0       0       0       0       0       0       0       0       0       0       0       0       0       0       0       
      +0       0       0       0       0       0       0
   272 ;;      Temps:          0       0       0       0       0       0       0       0       0       0       0       0       
      +0       0       0       0       0       0       0       0       0       0       0       0       0       0       0       
      +0       0       0       0       0       0       0
   273 ;;      Totals:         0       0       0       0       0       0       0       0       0       0       0       0       
      +0       0       0       0       0       0       0       0       0       0       0       0       0       0       0       
      +0       0       0       0       0       0       0
   274 ;;Total ram usage:        0 bytes
   275 ;; Hardware stack levels used:    1
   276 ;; This function calls:
   277 ;;		Nothing
   278 ;; This function is called by:
   279 ;;		_main
   280 ;; This function uses a non-reentrant model
   281 ;;
   282                           
   283                           	psect	text2
   284  01FF62                     __ptext2:
   285                           	callstack 0
   286  01FF62                     _UserAppInitialize:
   287                           	callstack 127
   288  01FF62  0012               	return		;funcret
   289  01FF64                     __end_of_UserAppInitialize:
   290                           	callstack 0
   291                           
   292 ;; *************** function _SystemSleep *****************
   293 ;; Defined at:
   294 ;;		line 134 in file "encm369_pic18.c"
   295 ;; Parameters:    Size  Location     Type
   296 ;;		None
   297 ;; Auto vars:     Size  Location     Type
   298 ;;		None
   299 ;; Return value:  Size  Location     Type
   300 ;;                  1    wreg      void 
   301 ;; Registers used:
   302 ;;		None
   303 ;; Tracked objects:
   304 ;;		On entry : 0/0
   305 ;;		On exit  : 0/0
   306 ;;		Unchanged: 0/0
   307 ;; Data sizes:     COMRAM   BANK5   BANK6   BANK7   BANK8   BANK9  BANK10  BANK11  BANK12  BANK13  BANK14  BANK15  BANK1
      +6  BANK17  BANK18  BANK19  BANK20  BANK21  BANK22  BANK23  BANK24  BANK25  BANK26  BANK27  BANK28  BANK29  BANK30  BANK3
      +1  BANK32  BANK33  BANK34  BANK35  BANK36  BANK37
   308 ;;      Params:         0       0       0       0       0       0       0       0       0       0       0       0       
      +0       0       0       0       0       0       0       0       0       0       0       0       0       0       0       
      +0       0       0       0       0       0       0
   309 ;;      Locals:         0       0       0       0       0       0       0       0       0       0       0       0       
      +0       0       0       0       0       0       0       0       0       0       0       0       0       0       0       
      +0       0       0       0       0       0       0
   310 ;;      Temps:          0       0       0       0       0       0       0       0       0       0       0       0       
      +0       0       0       0       0       0       0       0       0       0       0       0       0       0       0       
      +0       0       0       0       0       0       0
   311 ;;      Totals:         0       0       0       0       0       0       0       0       0       0       0       0       
      +0       0       0       0       0       0       0       0       0       0       0       0       0       0       0       
      +0       0       0       0       0       0       0
   312 ;;Total ram usage:        0 bytes
   313 ;; Hardware stack levels used:    1
   314 ;; This function calls:
   315 ;;		Nothing
   316 ;; This function is called by:
   317 ;;		_main
   318 ;; This function uses a non-reentrant model
   319 ;;
   320                           
   321                           	psect	text3
   322  01FF60                     __ptext3:
   323                           	callstack 0
   324  01FF60                     _SystemSleep:
   325                           	callstack 127
   326  01FF60  0012               	return		;funcret
   327  01FF62                     __end_of_SystemSleep:
   328                           	callstack 0
   329                           
   330 ;; *************** function _SysTickSetup *****************
   331 ;; Defined at:
   332 ;;		line 112 in file "encm369_pic18.c"
   333 ;; Parameters:    Size  Location     Type
   334 ;;		None
   335 ;; Auto vars:     Size  Location     Type
   336 ;;		None
   337 ;; Return value:  Size  Location     Type
   338 ;;                  1    wreg      void 
   339 ;; Registers used:
   340 ;;		wreg, status,2
   341 ;; Tracked objects:
   342 ;;		On entry : 0/0
   343 ;;		On exit  : 0/0
   344 ;;		Unchanged: 0/0
   345 ;; Data sizes:     COMRAM   BANK5   BANK6   BANK7   BANK8   BANK9  BANK10  BANK11  BANK12  BANK13  BANK14  BANK15  BANK1
      +6  BANK17  BANK18  BANK19  BANK20  BANK21  BANK22  BANK23  BANK24  BANK25  BANK26  BANK27  BANK28  BANK29  BANK30  BANK3
      +1  BANK32  BANK33  BANK34  BANK35  BANK36  BANK37
   346 ;;      Params:         0       0       0       0       0       0       0       0       0       0       0       0       
      +0       0       0       0       0       0       0       0       0       0       0       0       0       0       0       
      +0       0       0       0       0       0       0
   347 ;;      Locals:         0       0       0       0       0       0       0       0       0       0       0       0       
      +0       0       0       0       0       0       0       0       0       0       0       0       0       0       0       
      +0       0       0       0       0       0       0
   348 ;;      Temps:          0       0       0       0       0       0       0       0       0       0       0       0       
      +0       0       0       0       0       0       0       0       0       0       0       0       0       0       0       
      +0       0       0       0       0       0       0
   349 ;;      Totals:         0       0       0       0       0       0       0       0       0       0       0       0       
      +0       0       0       0       0       0       0       0       0       0       0       0       0       0       0       
      +0       0       0       0       0       0       0
   350 ;;Total ram usage:        0 bytes
   351 ;; Hardware stack levels used:    1
   352 ;; This function calls:
   353 ;;		Nothing
   354 ;; This function is called by:
   355 ;;		_main
   356 ;; This function uses a non-reentrant model
   357 ;;
   358                           
   359                           	psect	text4
   360  01FF88                     __ptext4:
   361                           	callstack 0
   362  01FF88                     _SysTickSetup:
   363                           	callstack 127
   364  01FF88                     
   365                           ;encm369_pic18.c: 114:   G_u32SystemTime1ms = 0;
   366  01FF88  0E00               	movlw	0
   367  01FF8A  6E09               	movwf	_G_u32SystemTime1ms^(0+1280),c	;volatile
   368  01FF8C  0E00               	movlw	0
   369  01FF8E  6E0A               	movwf	(_G_u32SystemTime1ms+1)^(0+1280),c	;volatile
   370  01FF90  0E00               	movlw	0
   371  01FF92  6E0B               	movwf	(_G_u32SystemTime1ms+2)^(0+1280),c	;volatile
   372  01FF94  0E00               	movlw	0
   373  01FF96  6E0C               	movwf	(_G_u32SystemTime1ms+3)^(0+1280),c	;volatile
   374                           
   375                           ;encm369_pic18.c: 115:   G_u32SystemTime1s = 0;
   376  01FF98  0E00               	movlw	0
   377  01FF9A  6E05               	movwf	_G_u32SystemTime1s^(0+1280),c	;volatile
   378  01FF9C  0E00               	movlw	0
   379  01FF9E  6E06               	movwf	(_G_u32SystemTime1s+1)^(0+1280),c	;volatile
   380  01FFA0  0E00               	movlw	0
   381  01FFA2  6E07               	movwf	(_G_u32SystemTime1s+2)^(0+1280),c	;volatile
   382  01FFA4  0E00               	movlw	0
   383  01FFA6  6E08               	movwf	(_G_u32SystemTime1s+3)^(0+1280),c	;volatile
   384  01FFA8  0012               	return		;funcret
   385  01FFAA                     __end_of_SysTickSetup:
   386                           	callstack 0
   387                           
   388 ;; *************** function _GpioSetup *****************
   389 ;; Defined at:
   390 ;;		line 89 in file "encm369_pic18.c"
   391 ;; Parameters:    Size  Location     Type
   392 ;;		None
   393 ;; Auto vars:     Size  Location     Type
   394 ;;		None
   395 ;; Return value:  Size  Location     Type
   396 ;;                  1    wreg      void 
   397 ;; Registers used:
   398 ;;		wreg, status,2
   399 ;; Tracked objects:
   400 ;;		On entry : 0/0
   401 ;;		On exit  : 0/0
   402 ;;		Unchanged: 0/0
   403 ;; Data sizes:     COMRAM   BANK5   BANK6   BANK7   BANK8   BANK9  BANK10  BANK11  BANK12  BANK13  BANK14  BANK15  BANK1
      +6  BANK17  BANK18  BANK19  BANK20  BANK21  BANK22  BANK23  BANK24  BANK25  BANK26  BANK27  BANK28  BANK29  BANK30  BANK3
      +1  BANK32  BANK33  BANK34  BANK35  BANK36  BANK37
   404 ;;      Params:         0       0       0       0       0       0       0       0       0       0       0       0       
      +0       0       0       0       0       0       0       0       0       0       0       0       0       0       0       
      +0       0       0       0       0       0       0
   405 ;;      Locals:         0       0       0       0       0       0       0       0       0       0       0       0       
      +0       0       0       0       0       0       0       0       0       0       0       0       0       0       0       
      +0       0       0       0       0       0       0
   406 ;;      Temps:          0       0       0       0       0       0       0       0       0       0       0       0       
      +0       0       0       0       0       0       0       0       0       0       0       0       0       0       0       
      +0       0       0       0       0       0       0
   407 ;;      Totals:         0       0       0       0       0       0       0       0       0       0       0       0       
      +0       0       0       0       0       0       0       0       0       0       0       0       0       0       0       
      +0       0       0       0       0       0       0
   408 ;;Total ram usage:        0 bytes
   409 ;; Hardware stack levels used:    1
   410 ;; This function calls:
   411 ;;		Nothing
   412 ;; This function is called by:
   413 ;;		_main
   414 ;; This function uses a non-reentrant model
   415 ;;
   416                           
   417                           	psect	text5
   418  01FF64                     __ptext5:
   419                           	callstack 0
   420  01FF64                     _GpioSetup:
   421                           	callstack 127
   422  01FF64                     
   423                           ;encm369_pic18.c: 91:     PORTA=0x00;
   424  01FF64  0E00               	movlw	0
   425  01FF66  6ECE               	movwf	206,c	;volatile
   426                           
   427                           ;encm369_pic18.c: 92:     ANSELA=0;
   428  01FF68  0E00               	movlw	0
   429  01FF6A  0104               	movlb	4	; () banked
   430  01FF6C  6F00               	movwf	0,b	;volatile
   431                           
   432                           ;encm369_pic18.c: 93:     TRISA=0;
   433  01FF6E  0E00               	movlw	0
   434  01FF70  6EC6               	movwf	198,c	;volatile
   435  01FF72                     
   436                           ; BSR set to: 4
   437                           ;encm369_pic18.c: 94:     RA7=1;
   438  01FF72  8ECE               	bsf	1230,7,c	;volatile
   439  01FF74                     
   440                           ; BSR set to: 4
   441  01FF74  0012               	return		;funcret
   442  01FF76                     __end_of_GpioSetup:
   443                           	callstack 0
   444                           
   445 ;; *************** function _ClockSetup *****************
   446 ;; Defined at:
   447 ;;		line 70 in file "encm369_pic18.c"
   448 ;; Parameters:    Size  Location     Type
   449 ;;		None
   450 ;; Auto vars:     Size  Location     Type
   451 ;;		None
   452 ;; Return value:  Size  Location     Type
   453 ;;                  1    wreg      void 
   454 ;; Registers used:
   455 ;;		None
   456 ;; Tracked objects:
   457 ;;		On entry : 0/0
   458 ;;		On exit  : 0/0
   459 ;;		Unchanged: 0/0
   460 ;; Data sizes:     COMRAM   BANK5   BANK6   BANK7   BANK8   BANK9  BANK10  BANK11  BANK12  BANK13  BANK14  BANK15  BANK1
      +6  BANK17  BANK18  BANK19  BANK20  BANK21  BANK22  BANK23  BANK24  BANK25  BANK26  BANK27  BANK28  BANK29  BANK30  BANK3
      +1  BANK32  BANK33  BANK34  BANK35  BANK36  BANK37
   461 ;;      Params:         0       0       0       0       0       0       0       0       0       0       0       0       
      +0       0       0       0       0       0       0       0       0       0       0       0       0       0       0       
      +0       0       0       0       0       0       0
   462 ;;      Locals:         0       0       0       0       0       0       0       0       0       0       0       0       
      +0       0       0       0       0       0       0       0       0       0       0       0       0       0       0       
      +0       0       0       0       0       0       0
   463 ;;      Temps:          0       0       0       0       0       0       0       0       0       0       0       0       
      +0       0       0       0       0       0       0       0       0       0       0       0       0       0       0       
      +0       0       0       0       0       0       0
   464 ;;      Totals:         0       0       0       0       0       0       0       0       0       0       0       0       
      +0       0       0       0       0       0       0       0       0       0       0       0       0       0       0       
      +0       0       0       0       0       0       0
   465 ;;Total ram usage:        0 bytes
   466 ;; Hardware stack levels used:    1
   467 ;; This function calls:
   468 ;;		Nothing
   469 ;; This function is called by:
   470 ;;		_main
   471 ;; This function uses a non-reentrant model
   472 ;;
   473                           
   474                           	psect	text6
   475  01FF5E                     __ptext6:
   476                           	callstack 0
   477  01FF5E                     _ClockSetup:
   478                           	callstack 127
   479  01FF5E  0012               	return		;funcret
   480  01FF60                     __end_of_ClockSetup:
   481                           	callstack 0
   482  0000                     
   483                           	psect	rparam
   484  0000                     
   485                           	psect	idloc
   486                           
   487                           ;Config register IDLOC0 @ 0x200000
   488                           ;	unspecified, using default values
   489  200000                     	org	2097152
   490  200000  0FFF               	dw	4095
   491                           
   492                           ;Config register IDLOC1 @ 0x200002
   493                           ;	unspecified, using default values
   494  200002                     	org	2097154
   495  200002  0FFF               	dw	4095
   496                           
   497                           ;Config register IDLOC2 @ 0x200004
   498                           ;	unspecified, using default values
   499  200004                     	org	2097156
   500  200004  0FFF               	dw	4095
   501                           
   502                           ;Config register IDLOC3 @ 0x200006
   503                           ;	unspecified, using default values
   504  200006                     	org	2097158
   505  200006  0FFF               	dw	4095
   506                           
   507                           ;Config register IDLOC4 @ 0x200008
   508                           ;	unspecified, using default values
   509  200008                     	org	2097160
   510  200008  0FFF               	dw	4095
   511                           
   512                           ;Config register IDLOC5 @ 0x20000A
   513                           ;	unspecified, using default values
   514  20000A                     	org	2097162
   515  20000A  0FFF               	dw	4095
   516                           
   517                           ;Config register IDLOC6 @ 0x20000C
   518                           ;	unspecified, using default values
   519  20000C                     	org	2097164
   520  20000C  0FFF               	dw	4095
   521                           
   522                           ;Config register IDLOC7 @ 0x20000E
   523                           ;	unspecified, using default values
   524  20000E                     	org	2097166
   525  20000E  0FFF               	dw	4095
   526                           
   527                           ;Config register IDLOC8 @ 0x200010
   528                           ;	unspecified, using default values
   529  200010                     	org	2097168
   530  200010  0FFF               	dw	4095
   531                           
   532                           ;Config register IDLOC9 @ 0x200012
   533                           ;	unspecified, using default values
   534  200012                     	org	2097170
   535  200012  0FFF               	dw	4095
   536                           
   537                           ;Config register IDLOC10 @ 0x200014
   538                           ;	unspecified, using default values
   539  200014                     	org	2097172
   540  200014  0FFF               	dw	4095
   541                           
   542                           ;Config register IDLOC11 @ 0x200016
   543                           ;	unspecified, using default values
   544  200016                     	org	2097174
   545  200016  0FFF               	dw	4095
   546                           
   547                           ;Config register IDLOC12 @ 0x200018
   548                           ;	unspecified, using default values
   549  200018                     	org	2097176
   550  200018  0FFF               	dw	4095
   551                           
   552                           ;Config register IDLOC13 @ 0x20001A
   553                           ;	unspecified, using default values
   554  20001A                     	org	2097178
   555  20001A  0FFF               	dw	4095
   556                           
   557                           ;Config register IDLOC14 @ 0x20001C
   558                           ;	unspecified, using default values
   559  20001C                     	org	2097180
   560  20001C  0FFF               	dw	4095
   561                           
   562                           ;Config register IDLOC15 @ 0x20001E
   563                           ;	unspecified, using default values
   564  20001E                     	org	2097182
   565  20001E  0FFF               	dw	4095
   566                           
   567                           	psect	config
   568                           
   569                           ;Config register CONFIG1 @ 0x300000
   570                           ;	External Oscillator Selection
   571                           ;	FEXTOSC = OFF, Oscillator not enabled
   572                           ;	Reset Oscillator Selection
   573                           ;	RSTOSC = HFINTOSC_64MHZ, HFINTOSC with HFFRQ = 64 MHz and CDIV = 1:1
   574  300000                     	org	3145728
   575  300000  8C                 	db	140
   576                           
   577                           ;Config register CONFIG2 @ 0x300001
   578                           ;	Clock out Enable bit
   579                           ;	CLKOUTEN = ON, CLKOUT function is enabled
   580                           ;	PRLOCKED One-Way Set Enable bit
   581                           ;	PR1WAY = ON, PRLOCKED bit can be cleared and set only once
   582                           ;	Clock Switch Enable bit
   583                           ;	CSWEN = ON, Writing to NOSC and NDIV is allowed
   584                           ;	Fail-Safe Clock Monitor Enable bit
   585                           ;	FCMEN = ON, Fail-Safe Clock Monitor enabled
   586  300001                     	org	3145729
   587  300001  FE                 	db	254
   588                           
   589                           ;Config register CONFIG3 @ 0x300002
   590                           ;	MCLR Enable bit
   591                           ;	MCLRE = EXTMCLR, If LVP = 0, MCLR pin is MCLR; If LVP = 1, RE3 pin function is MCLR
   592                           ;	Power-up timer selection bits
   593                           ;	PWRTS = PWRT_OFF, PWRT is disabled
   594                           ;	Multi-vector enable bit
   595                           ;	MVECEN = ON, Multi-vector enabled, Vector table used for interrupts
   596                           ;	IVTLOCK bit One-way set enable bit
   597                           ;	IVT1WAY = ON, IVTLOCKED bit can be cleared and set only once
   598                           ;	Low Power BOR Enable bit
   599                           ;	LPBOREN = OFF, Low-Power BOR disabled
   600                           ;	Brown-out Reset Enable bits
   601                           ;	BOREN = SBORDIS, Brown-out Reset enabled , SBOREN bit is ignored
   602  300002                     	org	3145730
   603  300002  FF                 	db	255
   604                           
   605                           ;Config register CONFIG4 @ 0x300003
   606                           ;	Brown-out Reset Voltage Selection bits
   607                           ;	BORV = VBOR_2P85, Brown-out Reset Voltage (VBOR) set to 2.8V
   608                           ;	ZCD Disable bit
   609                           ;	ZCD = OFF, ZCD module is disabled. ZCD can be enabled by setting the ZCDSEN bit of ZCD
      +                          CON
   610                           ;	PPSLOCK bit One-Way Set Enable bit
   611                           ;	PPS1WAY = ON, PPSLOCKED bit can be cleared and set only once; PPS registers remain loc
      +                          ked after one clear/set cycle
   612                           ;	Stack Full/Underflow Reset Enable bit
   613                           ;	STVREN = ON, Stack full/underflow will cause Reset
   614                           ;	Low Voltage Programming Enable bit
   615                           ;	LVP = ON, Low voltage programming enabled. MCLR/VPP pin function is MCLR. MCLRE config
      +                          uration bit is ignored
   616                           ;	Extended Instruction Set Enable bit
   617                           ;	XINST = OFF, Extended Instruction Set and Indexed Addressing Mode disabled
   618  300003                     	org	3145731
   619  300003  FC                 	db	252
   620                           
   621                           ;Config register CONFIG5 @ 0x300004
   622                           ;	WDT Period selection bits
   623                           ;	WDTCPS = WDTCPS_31, Divider ratio 1:65536; software control of WDTPS
   624                           ;	WDT operating mode
   625                           ;	WDTE = OFF, WDT Disabled; SWDTEN is ignored
   626  300004                     	org	3145732
   627  300004  9F                 	db	159
   628                           
   629                           ;Config register CONFIG6 @ 0x300005
   630                           ;	WDT Window Select bits
   631                           ;	WDTCWS = WDTCWS_7, window always open (100%); software control; keyed access not requi
      +                          red
   632                           ;	WDT input clock selector
   633                           ;	WDTCCS = SC, Software Control
   634  300005                     	org	3145733
   635  300005  FF                 	db	255
   636                           
   637                           ;Config register CONFIG7 @ 0x300006
   638                           ;	Boot Block Size selection bits
   639                           ;	BBSIZE = BBSIZE_512, Boot Block size is 512 words
   640                           ;	Boot Block enable bit
   641                           ;	BBEN = OFF, Boot block disabled
   642                           ;	Storage Area Flash enable bit
   643                           ;	SAFEN = OFF, SAF disabled
   644                           ;	Background Debugger
   645                           ;	DEBUG = OFF, Background Debugger disabled
   646  300006                     	org	3145734
   647  300006  FF                 	db	255
   648                           
   649                           ;Config register CONFIG8 @ 0x300007
   650                           ;	Boot Block Write Protection bit
   651                           ;	WRTB = OFF, Boot Block not Write protected
   652                           ;	Configuration Register Write Protection bit
   653                           ;	WRTC = OFF, Configuration registers not Write protected
   654                           ;	Data EEPROM Write Protection bit
   655                           ;	WRTD = OFF, Data EEPROM not Write protected
   656                           ;	SAF Write protection bit
   657                           ;	WRTSAF = OFF, SAF not Write Protected
   658                           ;	Application Block write protection bit
   659                           ;	WRTAPP = OFF, Application Block not write protected
   660  300007                     	org	3145735
   661  300007  FF                 	db	255
   662                           
   663                           ; Padding undefined space
   664  300008                     	org	3145736
   665  300008  FF                 	db	255
   666                           
   667                           ;Config register CONFIG10 @ 0x300009
   668                           ;	PFM and Data EEPROM Code Protection bit
   669                           ;	CP = OFF, PFM and Data EEPROM code protection disabled
   670  300009                     	org	3145737
   671  300009  FF                 	db	255
   672                           tosu	equ	0x4FF
   673                           tosh	equ	0x4FE
   674                           tosl	equ	0x4FD
   675                           stkptr	equ	0x4FC
   676                           pclatu	equ	0x4FB
   677                           pclath	equ	0x4FA
   678                           pcl	equ	0x4F9
   679                           tblptru	equ	0x4F8
   680                           tblptrh	equ	0x4F7
   681                           tblptrl	equ	0x4F6
   682                           tablat	equ	0x4F5
   683                           prodh	equ	0x4F4
   684                           prodl	equ	0x4F3
   685                           indf0	equ	0x4EF
   686                           postinc0	equ	0x4EE
   687                           postdec0	equ	0x4ED
   688                           preinc0	equ	0x4EC
   689                           plusw0	equ	0x4EB
   690                           fsr0h	equ	0x4EA
   691                           fsr0l	equ	0x4E9
   692                           wreg	equ	0x4E8
   693                           indf1	equ	0x4E7
   694                           postinc1	equ	0x4E6
   695                           postdec1	equ	0x4E5
   696                           preinc1	equ	0x4E4
   697                           plusw1	equ	0x4E3
   698                           fsr1h	equ	0x4E2
   699                           fsr1l	equ	0x4E1
   700                           bsr	equ	0x4E0
   701                           indf2	equ	0x4DF
   702                           postinc2	equ	0x4DE
   703                           postdec2	equ	0x4DD
   704                           preinc2	equ	0x4DC
   705                           plusw2	equ	0x4DB
   706                           fsr2h	equ	0x4DA
   707                           fsr2l	equ	0x4D9
   708                           status	equ	0x4D8

Data Sizes:
    Strings     0
    Constant    0
    Data        0
    BSS         13
    Persistent  0
    Stack       0

Auto Spaces:
    Space          Size  Autos    Used
    COMRAM           95      3      16
    BANK5           160      0       0
    BANK6           256      0       0
    BANK7           256      0       0
    BANK8           256      0       0
    BANK9           256      0       0
    BANK10          256      0       0
    BANK11          256      0       0
    BANK12          256      0       0
    BANK13          256      0       0
    BANK14          256      0       0
    BANK15          256      0       0
    BANK16          256      0       0
    BANK17          256      0       0
    BANK18          256      0       0
    BANK19          256      0       0
    BANK20          256      0       0
    BANK21          256      0       0
    BANK22          256      0       0
    BANK23          256      0       0
    BANK24          256      0       0
    BANK25          256      0       0
    BANK26          256      0       0
    BANK27          256      0       0
    BANK28          256      0       0
    BANK29          256      0       0
    BANK30          256      0       0
    BANK31          256      0       0
    BANK32          256      0       0
    BANK33          256      0       0
    BANK34          256      0       0
    BANK35          256      0       0
    BANK36          256      0       0
    BANK37          256      0       0

Pointer List with Targets:

    None.

Critical Paths under _main in COMRAM

    _main->_UserAppRun

Critical Paths under _main in BANK5

    None.

Critical Paths under _main in BANK6

    None.

Critical Paths under _main in BANK7

    None.

Critical Paths under _main in BANK8

    None.

Critical Paths under _main in BANK9

    None.

Critical Paths under _main in BANK10

    None.

Critical Paths under _main in BANK11

    None.

Critical Paths under _main in BANK12

    None.

Critical Paths under _main in BANK13

    None.

Critical Paths under _main in BANK14

    None.

Critical Paths under _main in BANK15

    None.

Critical Paths under _main in BANK16

    None.

Critical Paths under _main in BANK17

    None.

Critical Paths under _main in BANK18

    None.

Critical Paths under _main in BANK19

    None.

Critical Paths under _main in BANK20

    None.

Critical Paths under _main in BANK21

    None.

Critical Paths under _main in BANK22

    None.

Critical Paths under _main in BANK23

    None.

Critical Paths under _main in BANK24

    None.

Critical Paths under _main in BANK25

    None.

Critical Paths under _main in BANK26

    None.

Critical Paths under _main in BANK27

    None.

Critical Paths under _main in BANK28

    None.

Critical Paths under _main in BANK29

    None.

Critical Paths under _main in BANK30

    None.

Critical Paths under _main in BANK31

    None.

Critical Paths under _main in BANK32

    None.

Critical Paths under _main in BANK33

    None.

Critical Paths under _main in BANK34

    None.

Critical Paths under _main in BANK35

    None.

Critical Paths under _main in BANK36

    None.

Critical Paths under _main in BANK37

    None.

Call Graph Tables:

 ---------------------------------------------------------------------------------
 (Depth) Function   	        Calls       Base Space   Used Autos Params    Refs
 ---------------------------------------------------------------------------------
 (0) _main                                                 0     0      0      30
                         _ClockSetup
                          _GpioSetup
                       _SysTickSetup
                        _SystemSleep
                  _UserAppInitialize
                         _UserAppRun
 ---------------------------------------------------------------------------------
 (1) _UserAppRun                                           3     3      0      30
                                              0 COMRAM     3     3      0
 ---------------------------------------------------------------------------------
 (1) _UserAppInitialize                                    0     0      0       0
 ---------------------------------------------------------------------------------
 (1) _SystemSleep                                          0     0      0       0
 ---------------------------------------------------------------------------------
 (1) _SysTickSetup                                         0     0      0       0
 ---------------------------------------------------------------------------------
 (1) _GpioSetup                                            0     0      0       0
 ---------------------------------------------------------------------------------
 (1) _ClockSetup                                           0     0      0       0
 ---------------------------------------------------------------------------------
 Estimated maximum stack depth 1
 ---------------------------------------------------------------------------------

 Call Graph Graphs:

 _main (ROOT)
   _ClockSetup
   _GpioSetup
   _SysTickSetup
   _SystemSleep
   _UserAppInitialize
   _UserAppRun

 Address spaces:
Name               Size   Autos  Total    Cost      Usage
BIGRAM            20FF      0       0      71        0.0%
EEDATA             400      0       0       0        0.0%
BITBANK37          100      0       0      70        0.0%
BANK37             100      0       0      68        0.0%
BITBANK36          100      0       0      66        0.0%
BANK36             100      0       0      67        0.0%
BITBANK35          100      0       0      64        0.0%
BANK35             100      0       0      65        0.0%
BITBANK34          100      0       0      62        0.0%
BANK34             100      0       0      63        0.0%
BITBANK33          100      0       0      60        0.0%
BANK33             100      0       0      61        0.0%
BITBANK32          100      0       0      58        0.0%
BANK32             100      0       0      59        0.0%
BITBANK31          100      0       0      56        0.0%
BANK31             100      0       0      57        0.0%
BITBANK30          100      0       0      54        0.0%
BANK30             100      0       0      55        0.0%
BITBANK29          100      0       0      52        0.0%
BANK29             100      0       0      53        0.0%
BITBANK28          100      0       0      50        0.0%
BANK28             100      0       0      51        0.0%
BITBANK27          100      0       0      48        0.0%
BANK27             100      0       0      49        0.0%
BITBANK26          100      0       0      46        0.0%
BANK26             100      0       0      47        0.0%
BITBANK25          100      0       0      44        0.0%
BANK25             100      0       0      45        0.0%
BITBANK24          100      0       0      42        0.0%
BANK24             100      0       0      43        0.0%
BITBANK23          100      0       0      40        0.0%
BANK23             100      0       0      41        0.0%
BITBANK22          100      0       0      38        0.0%
BANK22             100      0       0      39        0.0%
BITBANK21          100      0       0      36        0.0%
BANK21             100      0       0      37        0.0%
BITBANK20          100      0       0      34        0.0%
BANK20             100      0       0      35        0.0%
BITBANK19          100      0       0      32        0.0%
BANK19             100      0       0      33        0.0%
BITBANK18          100      0       0      30        0.0%
BANK18             100      0       0      31        0.0%
BITBANK17          100      0       0      28        0.0%
BANK17             100      0       0      29        0.0%
BITBANK16          100      0       0      26        0.0%
BANK16             100      0       0      27        0.0%
BITBANK15          100      0       0      24        0.0%
BANK15             100      0       0      25        0.0%
BITBANK14          100      0       0      22        0.0%
BANK14             100      0       0      23        0.0%
BITBANK13          100      0       0      20        0.0%
BANK13             100      0       0      21        0.0%
BITBANK12          100      0       0      18        0.0%
BANK12             100      0       0      19        0.0%
BITBANK11          100      0       0      16        0.0%
BANK11             100      0       0      17        0.0%
BITBANK10          100      0       0      14        0.0%
BANK10             100      0       0      15        0.0%
BITBANK9           100      0       0      12        0.0%
BANK9              100      0       0      13        0.0%
BITBANK8           100      0       0      10        0.0%
BANK8              100      0       0      11        0.0%
BITBANK7           100      0       0       8        0.0%
BANK7              100      0       0       9        0.0%
BITBANK6           100      0       0       6        0.0%
BANK6              100      0       0       7        0.0%
BITBANK5            A0      0       0       4        0.0%
BANK5               A0      0       0       5        0.0%
BITCOMRAM           5F      0       0       0        0.0%
COMRAM              5F      3      10       1       16.8%
BITSFR_5             0      0       0     200        0.0%
SFR_5                0      0       0     200        0.0%
BITSFR_4             0      0       0     200        0.0%
SFR_4                0      0       0     200        0.0%
BITSFR_3             0      0       0     200        0.0%
SFR_3                0      0       0     200        0.0%
BITSFR_2             0      0       0     200        0.0%
SFR_2                0      0       0     200        0.0%
BITSFR_1             0      0       0     200        0.0%
SFR_1                0      0       0     200        0.0%
BITSFR               0      0       0     200        0.0%
SFR                  0      0       0     200        0.0%
STACK                0      0       0       2        0.0%
NULL                 0      0       0       0        0.0%
ABS                  0      0      10      69        0.0%
DATA                 0      0      10       3        0.0%
CODE                 0      0       0       0        0.0%


Microchip Technology PIC18 Macro Assembler V2.31 build 20201012212115 
Symbol Table                                                                                   Fri Feb 12 08:32:20 2021

     __size_of_SysTickSetup 0022                          l21 FFA8                          l15 FF5E  
                        l24 FF60                          l18 FF74                          l64 FFFA  
                        l59 FF62                          u10 FFFA                          u11 FFF6  
                        u27 FFDC                         l740 FF64                         l742 FF72  
                       l752 FFD0                         l754 FFD2                         l746 FFCC  
                       l756 FFE8                         l780 FFB0                         l774 FF88  
                       l758 FFEA                         l782 FFB4                         l784 FFB8  
                       l776 FFAA                         l786 FFBC                         l778 FFAC  
                       l788 FFC0                         _RA7 002677                         wreg 0004E8  
                      _LATA 0004BE                        _main FFAA                _SysTickSetup FF88  
                      start FFFC        __size_of_SystemSleep 0002                ___param_bank 000000  
                _ClockSetup FF5E                       ?_main 050E                       _PORTA 0004CE  
                     _TRISA 0004C6             __initialization FF76                __end_of_main FFCC  
                    ??_main 0511               __activetblptr 000000                      _ANSELA 000400  
        __size_of_GpioSetup 0012                 ?_ClockSetup 050E                      clear_0 FF7C  
                _UserAppRun FFCC                  __accesstop 0560     __end_of__initialization FF82  
             ___rparam_used 000001            _G_u8UserAppFlags 050D              __pcstackCOMRAM 050E  
         __end_of_GpioSetup FF76         __size_of_ClockSetup 0002                 ?_UserAppRun 050E  
             ??_SystemSleep 050E                     __Hparam 0000                     __Lparam 0000  
                   __pcinit FF76                     __ramtop 2600                     __ptext0 FFAA  
                   __ptext1 FFCC                     __ptext2 FF62                     __ptext3 FF60  
                   __ptext4 FF88                     __ptext5 FF64                     __ptext6 FF5E  
      end_of_initialization FF82            _G_u32SystemFlags 0501                     postinc0 0004EE  
       __end_of_SystemSleep FF62                ??_ClockSetup 050E         __size_of_UserAppRun 0030  
        __end_of_ClockSetup FF60                 UserAppRun@i 0510                   _GpioSetup FF64  
       start_initialization FF76               ?_SysTickSetup 050E                 _SystemSleep FF60  
                ?_GpioSetup 050E                 __pbssCOMRAM 0501           _UserAppInitialize FF62  
              ??_UserAppRun 050E          ?_UserAppInitialize 050E              ??_SysTickSetup 050E  
       ??_UserAppInitialize 050E          __end_of_UserAppRun FFFC   __end_of_UserAppInitialize FF64  
               ??_GpioSetup 050E                    __Hrparam 0000                    __Lrparam 0000  
      __end_of_SysTickSetup FFAA  __size_of_UserAppInitialize 0002               __size_of_main 0022  
              ?_SystemSleep 050E          _G_u32SystemTime1ms 0509           _G_u32SystemTime1s 0505  
