

Microchip MPLAB XC8 Assembler V2.31 build 20201012212115 
                                                                                               Fri Feb 26 15:04:31 2021

Microchip MPLAB XC8 C Compiler v2.31 (Free license) build 20201012212115 Og1 
     1                           	processor	18F27Q43
     2                           	fnconf	rparam,??,?,0
     3                           	pagewidth 120
     4                           	opt	flic
     5                           	psect	cinit,global,reloc=2,class=CODE,delta=1
     6                           	psect	bssCOMRAM,global,class=COMRAM,space=1,delta=1,lowdata,noexec
     7                           	psect	cstackCOMRAM,global,class=COMRAM,space=1,delta=1,lowdata,noexec
     8                           	psect	text0,global,reloc=2,class=CODE,delta=1
     9                           	psect	text1,global,reloc=2,class=CODE,delta=1
    10                           	psect	text2,global,reloc=2,class=CODE,delta=1
    11                           	psect	text3,global,reloc=2,class=CODE,delta=1
    12                           	psect	text4,global,reloc=2,class=CODE,delta=1
    13                           	psect	text5,global,reloc=2,class=CODE,delta=1
    14                           	psect	text6,global,reloc=2,class=CODE,delta=1
    15                           	psect	intsave_regs,global,class=BIGRAM,space=1,delta=1,noexec
    16                           	psect	rparam,global,class=COMRAM,space=1,delta=1,noexec
    17                           	psect	idloc,global,abs,ovrld,class=IDLOC,space=5,delta=1,noexec
    18                           	psect	config,global,abs,ovrld,class=CONFIG,space=4,delta=1,noexec
    19  0000                     
    20                           ; Version 2.30
    21                           ; Generated 20/08/2020 GMT
    22                           ; 
    23                           ; Copyright © 2020, Microchip Technology Inc. and its subsidiaries ("Microchip")
    24                           ; All rights reserved.
    25                           ; 
    26                           ; This software is developed by Microchip Technology Inc. and its subsidiaries ("Microch
      +                          ip").
    27                           ; 
    28                           ; Redistribution and use in source and binary forms, with or without modification, are
    29                           ; permitted provided that the following conditions are met:
    30                           ; 
    31                           ;     1. Redistributions of source code must retain the above copyright notice, this lis
      +                          t of
    32                           ;        conditions and the following disclaimer.
    33                           ; 
    34                           ;     2. Redistributions in binary form must reproduce the above copyright notice, this 
      +                          list
    35                           ;        of conditions and the following disclaimer in the documentation and/or other
    36                           ;        materials provided with the distribution. Publication is not required when
    37                           ;        this file is used in an embedded application.
    38                           ; 
    39                           ;     3. Microchip's name may not be used to endorse or promote products derived from th
      +                          is
    40                           ;        software without specific prior written permission.
    41                           ; 
    42                           ; THIS SOFTWARE IS PROVIDED BY MICROCHIP "AS IS" AND ANY EXPRESS OR IMPLIED WARRANTIES,
    43                           ; INCLUDING, BUT NOT LIMITED TO, THE IMPLIED WARRANTIES OF MERCHANTABILITY AND FITNESS F
      +                          OR
    44                           ; PURPOSE ARE DISCLAIMED.  IN NO EVENT SHALL MICROCHIP BE LIABLE FOR ANY DIRECT, INDIREC
      +                          T,
    45                           ; INCIDENTAL, SPECIAL, EXEMPLARY, OR CONSEQUENTIAL DAMAGES (INCLUDING BUT NOT LIMITED TO
    46                           ; PROCUREMENT OF SUBSTITUTE GOODS OR SERVICES; LOSS OF USE, DATA OR PROFITS; OR BUSINESS
    47                           ; INTERRUPTION) HOWSOEVER CAUSED AND ON ANY THEORY OF LIABILITY, WHETHER IN CONTRACT, ST
      +                          RICT
    48                           ; LIABILITY, OR TORT (INCLUDING NEGLIGENCE OR OTHERWISE) ARISING IN ANY WAY OUT OF THE U
      +                          SE OF
    49                           ; THIS SOFTWARE, EVEN IF ADVISED OF THE POSSIBILITY OF SUCH DAMAGE.
    50                           ; 
    51                           ; 
    52                           ; Code-generator required, PIC18F27Q43 Definitions
    53                           ; 
    54                           ; SFR Addresses
    55  0000                     _ANSELB	set	1032
    56  0000                     _ANSELA	set	1024
    57  0000                     _TRISB	set	1223
    58  0000                     _TRISA	set	1222
    59  0000                     _LATA	set	1214
    60  0000                     _RB5	set	9853
    61  0000                     _RA7	set	9847
    62                           
    63                           ; #config settings
    64                           
    65                           	psect	cinit
    66  01FF52                     __pcinit:
    67                           	callstack 0
    68  01FF52                     start_initialization:
    69                           	callstack 0
    70  01FF52                     __initialization:
    71                           	callstack 0
    72                           
    73                           ; Clear objects allocated to COMRAM (17 bytes)
    74  01FF52  EE01  F101         	lfsr	0,__pbssCOMRAM
    75  01FF56  0E11               	movlw	17
    76  01FF58                     clear_0:
    77  01FF58  6AEE               	clrf	postinc0,c
    78  01FF5A  06E8               	decf	wreg,f,c
    79  01FF5C  E1FD               	bnz	clear_0
    80  01FF5E                     end_of_initialization:
    81                           	callstack 0
    82  01FF5E                     __end_of__initialization:
    83                           	callstack 0
    84  01FF5E  0100               	movlb	0
    85  01FF60  EFCF  F0FF         	goto	_main	;jump to C main() function
    86                           
    87                           	psect	bssCOMRAM
    88  000501                     __pbssCOMRAM:
    89                           	callstack 0
    90  000501                     UserAppRun@u32counter:
    91                           	callstack 0
    92  000501                     	ds	4
    93  000505                     _G_u32SystemFlags:
    94                           	callstack 0
    95  000505                     	ds	4
    96  000509                     _G_u32SystemTime1s:
    97                           	callstack 0
    98  000509                     	ds	4
    99  00050D                     _G_u32SystemTime1ms:
   100                           	callstack 0
   101  00050D                     	ds	4
   102  000511                     _G_u8UserAppFlags:
   103                           	callstack 0
   104  000511                     	ds	1
   105                           
   106                           	psect	cstackCOMRAM
   107  000512                     __pcstackCOMRAM:
   108                           	callstack 0
   109  000512                     ??_UserAppRun:
   110  000512                     
   111                           ; 1 bytes @ 0x0
   112  000512                     	ds	2
   113  000514                     
   114                           ; 1 bytes @ 0x2
   115 ;;
   116 ;;Main: autosize = 0, tempsize = 0, incstack = 0, save=0
   117 ;;
   118 ;; *************** function _main *****************
   119 ;; Defined at:
   120 ;;		line 35 in file "main.c"
   121 ;; Parameters:    Size  Location     Type
   122 ;;		None
   123 ;; Auto vars:     Size  Location     Type
   124 ;;		None
   125 ;; Return value:  Size  Location     Type
   126 ;;                  1    wreg      void 
   127 ;; Registers used:
   128 ;;		wreg, status,2, status,0, cstack
   129 ;; Tracked objects:
   130 ;;		On entry : 0/0
   131 ;;		On exit  : 0/0
   132 ;;		Unchanged: 0/0
   133 ;; Data sizes:     COMRAM   BANK5   BANK6   BANK7   BANK8   BANK9  BANK10  BANK11  BANK12  BANK13  BANK14  BANK15  BANK1
      +6  BANK17  BANK18  BANK19  BANK20  BANK21  BANK22  BANK23  BANK24  BANK25  BANK26  BANK27  BANK28  BANK29  BANK30  BANK3
      +1  BANK32  BANK33  BANK34  BANK35  BANK36  BANK37
   134 ;;      Params:         0       0       0       0       0       0       0       0       0       0       0       0       
      +0       0       0       0       0       0       0       0       0       0       0       0       0       0       0       
      +0       0       0       0       0       0       0
   135 ;;      Locals:         0       0       0       0       0       0       0       0       0       0       0       0       
      +0       0       0       0       0       0       0       0       0       0       0       0       0       0       0       
      +0       0       0       0       0       0       0
   136 ;;      Temps:          0       0       0       0       0       0       0       0       0       0       0       0       
      +0       0       0       0       0       0       0       0       0       0       0       0       0       0       0       
      +0       0       0       0       0       0       0
   137 ;;      Totals:         0       0       0       0       0       0       0       0       0       0       0       0       
      +0       0       0       0       0       0       0       0       0       0       0       0       0       0       0       
      +0       0       0       0       0       0       0
   138 ;;Total ram usage:        0 bytes
   139 ;; Hardware stack levels required when called:    1
   140 ;; This function calls:
   141 ;;		_ClockSetup
   142 ;;		_GpioSetup
   143 ;;		_SysTickSetup
   144 ;;		_SystemSleep
   145 ;;		_UserAppInitialize
   146 ;;		_UserAppRun
   147 ;; This function is called by:
   148 ;;		Startup code after reset
   149 ;; This function uses a non-reentrant model
   150 ;;
   151                           
   152                           	psect	text0
   153  01FF9E                     __ptext0:
   154                           	callstack 0
   155  01FF9E                     _main:
   156                           	callstack 127
   157  01FF9E                     
   158                           ;main.c: 37:   G_u32SystemFlags |= (u32)0x80000000;
   159  01FF9E  8E08               	bsf	(_G_u32SystemFlags+3)^(0+1280),7,c	;volatile
   160  01FFA0                     
   161                           ;main.c: 40:   ClockSetup();
   162  01FFA0  ECA6  F0FF         	call	_ClockSetup	;wreg free
   163  01FFA4                     
   164                           ;main.c: 41:   SysTickSetup();
   165  01FFA4  ECBE  F0FF         	call	_SysTickSetup	;wreg free
   166  01FFA8                     
   167                           ;main.c: 42:   GpioSetup();
   168  01FFA8  ECB2  F0FF         	call	_GpioSetup	;wreg free
   169  01FFAC                     
   170                           ;main.c: 47:   UserAppInitialize();
   171  01FFAC  ECA8  F0FF         	call	_UserAppInitialize	;wreg free
   172  01FFB0                     l789:
   173                           
   174                           ;main.c: 53:   {;main.c: 57:     UserAppRun();
   175  01FFB0  ECE0  F0FF         	call	_UserAppRun	;wreg free
   176  01FFB4                     
   177                           ;main.c: 62:     SystemSleep();
   178  01FFB4  ECA7  F0FF         	call	_SystemSleep	;wreg free
   179  01FFB8  EFD8  F0FF         	goto	l789
   180  01FFBC  EFFE  F0FF         	goto	start
   181  01FFC0                     __end_of_main:
   182                           	callstack 0
   183                           
   184 ;; *************** function _UserAppRun *****************
   185 ;; Defined at:
   186 ;;		line 96 in file "user_app.c"
   187 ;; Parameters:    Size  Location     Type
   188 ;;		None
   189 ;; Auto vars:     Size  Location     Type
   190 ;;		None
   191 ;; Return value:  Size  Location     Type
   192 ;;                  1    wreg      void 
   193 ;; Registers used:
   194 ;;		wreg, status,2, status,0
   195 ;; Tracked objects:
   196 ;;		On entry : 0/0
   197 ;;		On exit  : 0/0
   198 ;;		Unchanged: 0/0
   199 ;; Data sizes:     COMRAM   BANK5   BANK6   BANK7   BANK8   BANK9  BANK10  BANK11  BANK12  BANK13  BANK14  BANK15  BANK1
      +6  BANK17  BANK18  BANK19  BANK20  BANK21  BANK22  BANK23  BANK24  BANK25  BANK26  BANK27  BANK28  BANK29  BANK30  BANK3
      +1  BANK32  BANK33  BANK34  BANK35  BANK36  BANK37
   200 ;;      Params:         0       0       0       0       0       0       0       0       0       0       0       0       
      +0       0       0       0       0       0       0       0       0       0       0       0       0       0       0       
      +0       0       0       0       0       0       0
   201 ;;      Locals:         0       0       0       0       0       0       0       0       0       0       0       0       
      +0       0       0       0       0       0       0       0       0       0       0       0       0       0       0       
      +0       0       0       0       0       0       0
   202 ;;      Temps:          2       0       0       0       0       0       0       0       0       0       0       0       
      +0       0       0       0       0       0       0       0       0       0       0       0       0       0       0       
      +0       0       0       0       0       0       0
   203 ;;      Totals:         2       0       0       0       0       0       0       0       0       0       0       0       
      +0       0       0       0       0       0       0       0       0       0       0       0       0       0       0       
      +0       0       0       0       0       0       0
   204 ;;Total ram usage:        2 bytes
   205 ;; Hardware stack levels used:    1
   206 ;; This function calls:
   207 ;;		Nothing
   208 ;; This function is called by:
   209 ;;		_main
   210 ;; This function uses a non-reentrant model
   211 ;;
   212                           
   213                           	psect	text1
   214  01FFC0                     __ptext1:
   215                           	callstack 0
   216  01FFC0                     _UserAppRun:
   217                           	callstack 127
   218  01FFC0                     
   219                           ;user_app.c: 98:     static u32 u32counter=0x00;;user_app.c: 99:     if (RB5==1){
   220  01FFC0  AACF               	btfss	1231,5,c	;volatile
   221  01FFC2  EFE5  F0FF         	goto	u11
   222  01FFC6  EFE7  F0FF         	goto	u10
   223  01FFCA                     u11:
   224  01FFCA  EFFD  F0FF         	goto	l71
   225  01FFCE                     u10:
   226  01FFCE                     
   227                           ;user_app.c: 100:         u32counter=+1;
   228  01FFCE  0E01               	movlw	1
   229  01FFD0  6E01               	movwf	UserAppRun@u32counter^(0+1280),c
   230  01FFD2  0E00               	movlw	0
   231  01FFD4  6E02               	movwf	(UserAppRun@u32counter+1)^(0+1280),c
   232  01FFD6  0E00               	movlw	0
   233  01FFD8  6E03               	movwf	(UserAppRun@u32counter+2)^(0+1280),c
   234  01FFDA  0E00               	movlw	0
   235  01FFDC  6E04               	movwf	(UserAppRun@u32counter+3)^(0+1280),c
   236  01FFDE                     
   237                           ;user_app.c: 101:         LATA=LATA^u32counter;
   238  01FFDE  50BE               	movf	190,w,c
   239  01FFE0  0A01               	xorlw	1
   240  01FFE2  6EBE               	movwf	190,c	;volatile
   241  01FFE4                     
   242                           ;user_app.c: 102:         _delay((unsigned long)((250)*(16000000/4000.0)));
   243  01FFE4  0E06               	movlw	6
   244  01FFE6  6E13               	movwf	(??_UserAppRun+1)^(0+1280),c
   245  01FFE8  0E13               	movlw	19
   246  01FFEA  6E12               	movwf	??_UserAppRun^(0+1280),c
   247  01FFEC  0EAE               	movlw	174
   248  01FFEE                     u27:
   249  01FFEE  2EE8               	decfsz	wreg,f,c
   250  01FFF0  D7FE               	bra	u27
   251  01FFF2  2E12               	decfsz	??_UserAppRun^(0+1280),f,c
   252  01FFF4  D7FC               	bra	u27
   253  01FFF6  2E13               	decfsz	(??_UserAppRun+1)^(0+1280),f,c
   254  01FFF8  D7FA               	bra	u27
   255  01FFFA                     l71:
   256  01FFFA  0012               	return		;funcret
   257  01FFFC                     __end_of_UserAppRun:
   258                           	callstack 0
   259                           
   260 ;; *************** function _UserAppInitialize *****************
   261 ;; Defined at:
   262 ;;		line 76 in file "user_app.c"
   263 ;; Parameters:    Size  Location     Type
   264 ;;		None
   265 ;; Auto vars:     Size  Location     Type
   266 ;;		None
   267 ;; Return value:  Size  Location     Type
   268 ;;                  1    wreg      void 
   269 ;; Registers used:
   270 ;;		None
   271 ;; Tracked objects:
   272 ;;		On entry : 0/0
   273 ;;		On exit  : 0/0
   274 ;;		Unchanged: 0/0
   275 ;; Data sizes:     COMRAM   BANK5   BANK6   BANK7   BANK8   BANK9  BANK10  BANK11  BANK12  BANK13  BANK14  BANK15  BANK1
      +6  BANK17  BANK18  BANK19  BANK20  BANK21  BANK22  BANK23  BANK24  BANK25  BANK26  BANK27  BANK28  BANK29  BANK30  BANK3
      +1  BANK32  BANK33  BANK34  BANK35  BANK36  BANK37
   276 ;;      Params:         0       0       0       0       0       0       0       0       0       0       0       0       
      +0       0       0       0       0       0       0       0       0       0       0       0       0       0       0       
      +0       0       0       0       0       0       0
   277 ;;      Locals:         0       0       0       0       0       0       0       0       0       0       0       0       
      +0       0       0       0       0       0       0       0       0       0       0       0       0       0       0       
      +0       0       0       0       0       0       0
   278 ;;      Temps:          0       0       0       0       0       0       0       0       0       0       0       0       
      +0       0       0       0       0       0       0       0       0       0       0       0       0       0       0       
      +0       0       0       0       0       0       0
   279 ;;      Totals:         0       0       0       0       0       0       0       0       0       0       0       0       
      +0       0       0       0       0       0       0       0       0       0       0       0       0       0       0       
      +0       0       0       0       0       0       0
   280 ;;Total ram usage:        0 bytes
   281 ;; Hardware stack levels used:    1
   282 ;; This function calls:
   283 ;;		Nothing
   284 ;; This function is called by:
   285 ;;		_main
   286 ;; This function uses a non-reentrant model
   287 ;;
   288                           
   289                           	psect	text2
   290  01FF50                     __ptext2:
   291                           	callstack 0
   292  01FF50                     _UserAppInitialize:
   293                           	callstack 127
   294  01FF50  0012               	return		;funcret
   295  01FF52                     __end_of_UserAppInitialize:
   296                           	callstack 0
   297                           
   298 ;; *************** function _SystemSleep *****************
   299 ;; Defined at:
   300 ;;		line 135 in file "encm369_pic18.c"
   301 ;; Parameters:    Size  Location     Type
   302 ;;		None
   303 ;; Auto vars:     Size  Location     Type
   304 ;;		None
   305 ;; Return value:  Size  Location     Type
   306 ;;                  1    wreg      void 
   307 ;; Registers used:
   308 ;;		None
   309 ;; Tracked objects:
   310 ;;		On entry : 0/0
   311 ;;		On exit  : 0/0
   312 ;;		Unchanged: 0/0
   313 ;; Data sizes:     COMRAM   BANK5   BANK6   BANK7   BANK8   BANK9  BANK10  BANK11  BANK12  BANK13  BANK14  BANK15  BANK1
      +6  BANK17  BANK18  BANK19  BANK20  BANK21  BANK22  BANK23  BANK24  BANK25  BANK26  BANK27  BANK28  BANK29  BANK30  BANK3
      +1  BANK32  BANK33  BANK34  BANK35  BANK36  BANK37
   314 ;;      Params:         0       0       0       0       0       0       0       0       0       0       0       0       
      +0       0       0       0       0       0       0       0       0       0       0       0       0       0       0       
      +0       0       0       0       0       0       0
   315 ;;      Locals:         0       0       0       0       0       0       0       0       0       0       0       0       
      +0       0       0       0       0       0       0       0       0       0       0       0       0       0       0       
      +0       0       0       0       0       0       0
   316 ;;      Temps:          0       0       0       0       0       0       0       0       0       0       0       0       
      +0       0       0       0       0       0       0       0       0       0       0       0       0       0       0       
      +0       0       0       0       0       0       0
   317 ;;      Totals:         0       0       0       0       0       0       0       0       0       0       0       0       
      +0       0       0       0       0       0       0       0       0       0       0       0       0       0       0       
      +0       0       0       0       0       0       0
   318 ;;Total ram usage:        0 bytes
   319 ;; Hardware stack levels used:    1
   320 ;; This function calls:
   321 ;;		Nothing
   322 ;; This function is called by:
   323 ;;		_main
   324 ;; This function uses a non-reentrant model
   325 ;;
   326                           
   327                           	psect	text3
   328  01FF4E                     __ptext3:
   329                           	callstack 0
   330  01FF4E                     _SystemSleep:
   331                           	callstack 127
   332  01FF4E  0012               	return		;funcret
   333  01FF50                     __end_of_SystemSleep:
   334                           	callstack 0
   335                           
   336 ;; *************** function _SysTickSetup *****************
   337 ;; Defined at:
   338 ;;		line 113 in file "encm369_pic18.c"
   339 ;; Parameters:    Size  Location     Type
   340 ;;		None
   341 ;; Auto vars:     Size  Location     Type
   342 ;;		None
   343 ;; Return value:  Size  Location     Type
   344 ;;                  1    wreg      void 
   345 ;; Registers used:
   346 ;;		wreg, status,2
   347 ;; Tracked objects:
   348 ;;		On entry : 0/0
   349 ;;		On exit  : 0/0
   350 ;;		Unchanged: 0/0
   351 ;; Data sizes:     COMRAM   BANK5   BANK6   BANK7   BANK8   BANK9  BANK10  BANK11  BANK12  BANK13  BANK14  BANK15  BANK1
      +6  BANK17  BANK18  BANK19  BANK20  BANK21  BANK22  BANK23  BANK24  BANK25  BANK26  BANK27  BANK28  BANK29  BANK30  BANK3
      +1  BANK32  BANK33  BANK34  BANK35  BANK36  BANK37
   352 ;;      Params:         0       0       0       0       0       0       0       0       0       0       0       0       
      +0       0       0       0       0       0       0       0       0       0       0       0       0       0       0       
      +0       0       0       0       0       0       0
   353 ;;      Locals:         0       0       0       0       0       0       0       0       0       0       0       0       
      +0       0       0       0       0       0       0       0       0       0       0       0       0       0       0       
      +0       0       0       0       0       0       0
   354 ;;      Temps:          0       0       0       0       0       0       0       0       0       0       0       0       
      +0       0       0       0       0       0       0       0       0       0       0       0       0       0       0       
      +0       0       0       0       0       0       0
   355 ;;      Totals:         0       0       0       0       0       0       0       0       0       0       0       0       
      +0       0       0       0       0       0       0       0       0       0       0       0       0       0       0       
      +0       0       0       0       0       0       0
   356 ;;Total ram usage:        0 bytes
   357 ;; Hardware stack levels used:    1
   358 ;; This function calls:
   359 ;;		Nothing
   360 ;; This function is called by:
   361 ;;		_main
   362 ;; This function uses a non-reentrant model
   363 ;;
   364                           
   365                           	psect	text4
   366  01FF7C                     __ptext4:
   367                           	callstack 0
   368  01FF7C                     _SysTickSetup:
   369                           	callstack 127
   370  01FF7C                     
   371                           ;encm369_pic18.c: 115:   G_u32SystemTime1ms = 0;
   372  01FF7C  0E00               	movlw	0
   373  01FF7E  6E0D               	movwf	_G_u32SystemTime1ms^(0+1280),c	;volatile
   374  01FF80  0E00               	movlw	0
   375  01FF82  6E0E               	movwf	(_G_u32SystemTime1ms+1)^(0+1280),c	;volatile
   376  01FF84  0E00               	movlw	0
   377  01FF86  6E0F               	movwf	(_G_u32SystemTime1ms+2)^(0+1280),c	;volatile
   378  01FF88  0E00               	movlw	0
   379  01FF8A  6E10               	movwf	(_G_u32SystemTime1ms+3)^(0+1280),c	;volatile
   380                           
   381                           ;encm369_pic18.c: 116:   G_u32SystemTime1s = 0;
   382  01FF8C  0E00               	movlw	0
   383  01FF8E  6E09               	movwf	_G_u32SystemTime1s^(0+1280),c	;volatile
   384  01FF90  0E00               	movlw	0
   385  01FF92  6E0A               	movwf	(_G_u32SystemTime1s+1)^(0+1280),c	;volatile
   386  01FF94  0E00               	movlw	0
   387  01FF96  6E0B               	movwf	(_G_u32SystemTime1s+2)^(0+1280),c	;volatile
   388  01FF98  0E00               	movlw	0
   389  01FF9A  6E0C               	movwf	(_G_u32SystemTime1s+3)^(0+1280),c	;volatile
   390  01FF9C  0012               	return		;funcret
   391  01FF9E                     __end_of_SysTickSetup:
   392                           	callstack 0
   393                           
   394 ;; *************** function _GpioSetup *****************
   395 ;; Defined at:
   396 ;;		line 89 in file "encm369_pic18.c"
   397 ;; Parameters:    Size  Location     Type
   398 ;;		None
   399 ;; Auto vars:     Size  Location     Type
   400 ;;		None
   401 ;; Return value:  Size  Location     Type
   402 ;;                  1    wreg      void 
   403 ;; Registers used:
   404 ;;		wreg, status,2
   405 ;; Tracked objects:
   406 ;;		On entry : 0/0
   407 ;;		On exit  : 0/0
   408 ;;		Unchanged: 0/0
   409 ;; Data sizes:     COMRAM   BANK5   BANK6   BANK7   BANK8   BANK9  BANK10  BANK11  BANK12  BANK13  BANK14  BANK15  BANK1
      +6  BANK17  BANK18  BANK19  BANK20  BANK21  BANK22  BANK23  BANK24  BANK25  BANK26  BANK27  BANK28  BANK29  BANK30  BANK3
      +1  BANK32  BANK33  BANK34  BANK35  BANK36  BANK37
   410 ;;      Params:         0       0       0       0       0       0       0       0       0       0       0       0       
      +0       0       0       0       0       0       0       0       0       0       0       0       0       0       0       
      +0       0       0       0       0       0       0
   411 ;;      Locals:         0       0       0       0       0       0       0       0       0       0       0       0       
      +0       0       0       0       0       0       0       0       0       0       0       0       0       0       0       
      +0       0       0       0       0       0       0
   412 ;;      Temps:          0       0       0       0       0       0       0       0       0       0       0       0       
      +0       0       0       0       0       0       0       0       0       0       0       0       0       0       0       
      +0       0       0       0       0       0       0
   413 ;;      Totals:         0       0       0       0       0       0       0       0       0       0       0       0       
      +0       0       0       0       0       0       0       0       0       0       0       0       0       0       0       
      +0       0       0       0       0       0       0
   414 ;;Total ram usage:        0 bytes
   415 ;; Hardware stack levels used:    1
   416 ;; This function calls:
   417 ;;		Nothing
   418 ;; This function is called by:
   419 ;;		_main
   420 ;; This function uses a non-reentrant model
   421 ;;
   422                           
   423                           	psect	text5
   424  01FF64                     __ptext5:
   425                           	callstack 0
   426  01FF64                     _GpioSetup:
   427                           	callstack 127
   428  01FF64                     
   429                           ;encm369_pic18.c: 92:     ANSELA=0x00;
   430  01FF64  0E00               	movlw	0
   431  01FF66  0104               	movlb	4	; () banked
   432  01FF68  6F00               	movwf	0,b	;volatile
   433                           
   434                           ;encm369_pic18.c: 93:     LATA=0x3F;
   435  01FF6A  0E3F               	movlw	63
   436  01FF6C  6EBE               	movwf	190,c	;volatile
   437                           
   438                           ;encm369_pic18.c: 94:     TRISA=0x00;
   439  01FF6E  0E00               	movlw	0
   440  01FF70  6EC6               	movwf	198,c	;volatile
   441  01FF72                     
   442                           ; BSR set to: 4
   443                           ;encm369_pic18.c: 95:     TRISB=0xFF;
   444  01FF72  68C7               	setf	199,c	;volatile
   445                           
   446                           ;encm369_pic18.c: 96:     ANSELB=0x00;
   447  01FF74  0E00               	movlw	0
   448  01FF76  6F08               	movwf	8,b	;volatile
   449  01FF78                     
   450                           ; BSR set to: 4
   451                           ;encm369_pic18.c: 97:     RA7=1;
   452  01FF78  8ECE               	bsf	1230,7,c	;volatile
   453  01FF7A                     
   454                           ; BSR set to: 4
   455  01FF7A  0012               	return		;funcret
   456  01FF7C                     __end_of_GpioSetup:
   457                           	callstack 0
   458                           
   459 ;; *************** function _ClockSetup *****************
   460 ;; Defined at:
   461 ;;		line 70 in file "encm369_pic18.c"
   462 ;; Parameters:    Size  Location     Type
   463 ;;		None
   464 ;; Auto vars:     Size  Location     Type
   465 ;;		None
   466 ;; Return value:  Size  Location     Type
   467 ;;                  1    wreg      void 
   468 ;; Registers used:
   469 ;;		None
   470 ;; Tracked objects:
   471 ;;		On entry : 0/0
   472 ;;		On exit  : 0/0
   473 ;;		Unchanged: 0/0
   474 ;; Data sizes:     COMRAM   BANK5   BANK6   BANK7   BANK8   BANK9  BANK10  BANK11  BANK12  BANK13  BANK14  BANK15  BANK1
      +6  BANK17  BANK18  BANK19  BANK20  BANK21  BANK22  BANK23  BANK24  BANK25  BANK26  BANK27  BANK28  BANK29  BANK30  BANK3
      +1  BANK32  BANK33  BANK34  BANK35  BANK36  BANK37
   475 ;;      Params:         0       0       0       0       0       0       0       0       0       0       0       0       
      +0       0       0       0       0       0       0       0       0       0       0       0       0       0       0       
      +0       0       0       0       0       0       0
   476 ;;      Locals:         0       0       0       0       0       0       0       0       0       0       0       0       
      +0       0       0       0       0       0       0       0       0       0       0       0       0       0       0       
      +0       0       0       0       0       0       0
   477 ;;      Temps:          0       0       0       0       0       0       0       0       0       0       0       0       
      +0       0       0       0       0       0       0       0       0       0       0       0       0       0       0       
      +0       0       0       0       0       0       0
   478 ;;      Totals:         0       0       0       0       0       0       0       0       0       0       0       0       
      +0       0       0       0       0       0       0       0       0       0       0       0       0       0       0       
      +0       0       0       0       0       0       0
   479 ;;Total ram usage:        0 bytes
   480 ;; Hardware stack levels used:    1
   481 ;; This function calls:
   482 ;;		Nothing
   483 ;; This function is called by:
   484 ;;		_main
   485 ;; This function uses a non-reentrant model
   486 ;;
   487                           
   488                           	psect	text6
   489  01FF4C                     __ptext6:
   490                           	callstack 0
   491  01FF4C                     _ClockSetup:
   492                           	callstack 127
   493  01FF4C  0012               	return		;funcret
   494  01FF4E                     __end_of_ClockSetup:
   495                           	callstack 0
   496  0000                     
   497                           	psect	rparam
   498  0000                     
   499                           	psect	idloc
   500                           
   501                           ;Config register IDLOC0 @ 0x200000
   502                           ;	unspecified, using default values
   503  200000                     	org	2097152
   504  200000  0FFF               	dw	4095
   505                           
   506                           ;Config register IDLOC1 @ 0x200002
   507                           ;	unspecified, using default values
   508  200002                     	org	2097154
   509  200002  0FFF               	dw	4095
   510                           
   511                           ;Config register IDLOC2 @ 0x200004
   512                           ;	unspecified, using default values
   513  200004                     	org	2097156
   514  200004  0FFF               	dw	4095
   515                           
   516                           ;Config register IDLOC3 @ 0x200006
   517                           ;	unspecified, using default values
   518  200006                     	org	2097158
   519  200006  0FFF               	dw	4095
   520                           
   521                           ;Config register IDLOC4 @ 0x200008
   522                           ;	unspecified, using default values
   523  200008                     	org	2097160
   524  200008  0FFF               	dw	4095
   525                           
   526                           ;Config register IDLOC5 @ 0x20000A
   527                           ;	unspecified, using default values
   528  20000A                     	org	2097162
   529  20000A  0FFF               	dw	4095
   530                           
   531                           ;Config register IDLOC6 @ 0x20000C
   532                           ;	unspecified, using default values
   533  20000C                     	org	2097164
   534  20000C  0FFF               	dw	4095
   535                           
   536                           ;Config register IDLOC7 @ 0x20000E
   537                           ;	unspecified, using default values
   538  20000E                     	org	2097166
   539  20000E  0FFF               	dw	4095
   540                           
   541                           ;Config register IDLOC8 @ 0x200010
   542                           ;	unspecified, using default values
   543  200010                     	org	2097168
   544  200010  0FFF               	dw	4095
   545                           
   546                           ;Config register IDLOC9 @ 0x200012
   547                           ;	unspecified, using default values
   548  200012                     	org	2097170
   549  200012  0FFF               	dw	4095
   550                           
   551                           ;Config register IDLOC10 @ 0x200014
   552                           ;	unspecified, using default values
   553  200014                     	org	2097172
   554  200014  0FFF               	dw	4095
   555                           
   556                           ;Config register IDLOC11 @ 0x200016
   557                           ;	unspecified, using default values
   558  200016                     	org	2097174
   559  200016  0FFF               	dw	4095
   560                           
   561                           ;Config register IDLOC12 @ 0x200018
   562                           ;	unspecified, using default values
   563  200018                     	org	2097176
   564  200018  0FFF               	dw	4095
   565                           
   566                           ;Config register IDLOC13 @ 0x20001A
   567                           ;	unspecified, using default values
   568  20001A                     	org	2097178
   569  20001A  0FFF               	dw	4095
   570                           
   571                           ;Config register IDLOC14 @ 0x20001C
   572                           ;	unspecified, using default values
   573  20001C                     	org	2097180
   574  20001C  0FFF               	dw	4095
   575                           
   576                           ;Config register IDLOC15 @ 0x20001E
   577                           ;	unspecified, using default values
   578  20001E                     	org	2097182
   579  20001E  0FFF               	dw	4095
   580                           
   581                           	psect	config
   582                           
   583                           ;Config register CONFIG1 @ 0x300000
   584                           ;	External Oscillator Selection
   585                           ;	FEXTOSC = OFF, Oscillator not enabled
   586                           ;	Reset Oscillator Selection
   587                           ;	RSTOSC = HFINTOSC_64MHZ, HFINTOSC with HFFRQ = 64 MHz and CDIV = 1:1
   588  300000                     	org	3145728
   589  300000  8C                 	db	140
   590                           
   591                           ;Config register CONFIG2 @ 0x300001
   592                           ;	Clock out Enable bit
   593                           ;	CLKOUTEN = ON, CLKOUT function is enabled
   594                           ;	PRLOCKED One-Way Set Enable bit
   595                           ;	PR1WAY = ON, PRLOCKED bit can be cleared and set only once
   596                           ;	Clock Switch Enable bit
   597                           ;	CSWEN = ON, Writing to NOSC and NDIV is allowed
   598                           ;	Fail-Safe Clock Monitor Enable bit
   599                           ;	FCMEN = ON, Fail-Safe Clock Monitor enabled
   600  300001                     	org	3145729
   601  300001  FE                 	db	254
   602                           
   603                           ;Config register CONFIG3 @ 0x300002
   604                           ;	MCLR Enable bit
   605                           ;	MCLRE = EXTMCLR, If LVP = 0, MCLR pin is MCLR; If LVP = 1, RE3 pin function is MCLR
   606                           ;	Power-up timer selection bits
   607                           ;	PWRTS = PWRT_OFF, PWRT is disabled
   608                           ;	Multi-vector enable bit
   609                           ;	MVECEN = ON, Multi-vector enabled, Vector table used for interrupts
   610                           ;	IVTLOCK bit One-way set enable bit
   611                           ;	IVT1WAY = ON, IVTLOCKED bit can be cleared and set only once
   612                           ;	Low Power BOR Enable bit
   613                           ;	LPBOREN = OFF, Low-Power BOR disabled
   614                           ;	Brown-out Reset Enable bits
   615                           ;	BOREN = SBORDIS, Brown-out Reset enabled , SBOREN bit is ignored
   616  300002                     	org	3145730
   617  300002  FF                 	db	255
   618                           
   619                           ;Config register CONFIG4 @ 0x300003
   620                           ;	Brown-out Reset Voltage Selection bits
   621                           ;	BORV = VBOR_2P85, Brown-out Reset Voltage (VBOR) set to 2.8V
   622                           ;	ZCD Disable bit
   623                           ;	ZCD = OFF, ZCD module is disabled. ZCD can be enabled by setting the ZCDSEN bit of ZCD
      +                          CON
   624                           ;	PPSLOCK bit One-Way Set Enable bit
   625                           ;	PPS1WAY = ON, PPSLOCKED bit can be cleared and set only once; PPS registers remain loc
      +                          ked after one clear/set cycle
   626                           ;	Stack Full/Underflow Reset Enable bit
   627                           ;	STVREN = ON, Stack full/underflow will cause Reset
   628                           ;	Low Voltage Programming Enable bit
   629                           ;	LVP = ON, Low voltage programming enabled. MCLR/VPP pin function is MCLR. MCLRE config
      +                          uration bit is ignored
   630                           ;	Extended Instruction Set Enable bit
   631                           ;	XINST = OFF, Extended Instruction Set and Indexed Addressing Mode disabled
   632  300003                     	org	3145731
   633  300003  FC                 	db	252
   634                           
   635                           ;Config register CONFIG5 @ 0x300004
   636                           ;	WDT Period selection bits
   637                           ;	WDTCPS = WDTCPS_31, Divider ratio 1:65536; software control of WDTPS
   638                           ;	WDT operating mode
   639                           ;	WDTE = OFF, WDT Disabled; SWDTEN is ignored
   640  300004                     	org	3145732
   641  300004  9F                 	db	159
   642                           
   643                           ;Config register CONFIG6 @ 0x300005
   644                           ;	WDT Window Select bits
   645                           ;	WDTCWS = WDTCWS_7, window always open (100%); software control; keyed access not requi
      +                          red
   646                           ;	WDT input clock selector
   647                           ;	WDTCCS = SC, Software Control
   648  300005                     	org	3145733
   649  300005  FF                 	db	255
   650                           
   651                           ;Config register CONFIG7 @ 0x300006
   652                           ;	Boot Block Size selection bits
   653                           ;	BBSIZE = BBSIZE_512, Boot Block size is 512 words
   654                           ;	Boot Block enable bit
   655                           ;	BBEN = OFF, Boot block disabled
   656                           ;	Storage Area Flash enable bit
   657                           ;	SAFEN = OFF, SAF disabled
   658                           ;	Background Debugger
   659                           ;	DEBUG = OFF, Background Debugger disabled
   660  300006                     	org	3145734
   661  300006  FF                 	db	255
   662                           
   663                           ;Config register CONFIG8 @ 0x300007
   664                           ;	Boot Block Write Protection bit
   665                           ;	WRTB = OFF, Boot Block not Write protected
   666                           ;	Configuration Register Write Protection bit
   667                           ;	WRTC = OFF, Configuration registers not Write protected
   668                           ;	Data EEPROM Write Protection bit
   669                           ;	WRTD = OFF, Data EEPROM not Write protected
   670                           ;	SAF Write protection bit
   671                           ;	WRTSAF = OFF, SAF not Write Protected
   672                           ;	Application Block write protection bit
   673                           ;	WRTAPP = OFF, Application Block not write protected
   674  300007                     	org	3145735
   675  300007  FF                 	db	255
   676                           
   677                           ; Padding undefined space
   678  300008                     	org	3145736
   679  300008  FF                 	db	255
   680                           
   681                           ;Config register CONFIG10 @ 0x300009
   682                           ;	PFM and Data EEPROM Code Protection bit
   683                           ;	CP = OFF, PFM and Data EEPROM code protection disabled
   684  300009                     	org	3145737
   685  300009  FF                 	db	255
   686                           tosu	equ	0x4FF
   687                           tosh	equ	0x4FE
   688                           tosl	equ	0x4FD
   689                           stkptr	equ	0x4FC
   690                           pclatu	equ	0x4FB
   691                           pclath	equ	0x4FA
   692                           pcl	equ	0x4F9
   693                           tblptru	equ	0x4F8
   694                           tblptrh	equ	0x4F7
   695                           tblptrl	equ	0x4F6
   696                           tablat	equ	0x4F5
   697                           prodh	equ	0x4F4
   698                           prodl	equ	0x4F3
   699                           indf0	equ	0x4EF
   700                           postinc0	equ	0x4EE
   701                           postdec0	equ	0x4ED
   702                           preinc0	equ	0x4EC
   703                           plusw0	equ	0x4EB
   704                           fsr0h	equ	0x4EA
   705                           fsr0l	equ	0x4E9
   706                           wreg	equ	0x4E8
   707                           indf1	equ	0x4E7
   708                           postinc1	equ	0x4E6
   709                           postdec1	equ	0x4E5
   710                           preinc1	equ	0x4E4
   711                           plusw1	equ	0x4E3
   712                           fsr1h	equ	0x4E2
   713                           fsr1l	equ	0x4E1
   714                           bsr	equ	0x4E0
   715                           indf2	equ	0x4DF
   716                           postinc2	equ	0x4DE
   717                           postdec2	equ	0x4DD
   718                           preinc2	equ	0x4DC
   719                           plusw2	equ	0x4DB
   720                           fsr2h	equ	0x4DA
   721                           fsr2l	equ	0x4D9
   722                           status	equ	0x4D8

Data Sizes:
    Strings     0
    Constant    0
    Data        0
    BSS         17
    Persistent  0
    Stack       0

Auto Spaces:
    Space          Size  Autos    Used
    COMRAM           95      2      19
    BANK5           160      0       0
    BANK6           256      0       0
    BANK7           256      0       0
    BANK8           256      0       0
    BANK9           256      0       0
    BANK10          256      0       0
    BANK11          256      0       0
    BANK12          256      0       0
    BANK13          256      0       0
    BANK14          256      0       0
    BANK15          256      0       0
    BANK16          256      0       0
    BANK17          256      0       0
    BANK18          256      0       0
    BANK19          256      0       0
    BANK20          256      0       0
    BANK21          256      0       0
    BANK22          256      0       0
    BANK23          256      0       0
    BANK24          256      0       0
    BANK25          256      0       0
    BANK26          256      0       0
    BANK27          256      0       0
    BANK28          256      0       0
    BANK29          256      0       0
    BANK30          256      0       0
    BANK31          256      0       0
    BANK32          256      0       0
    BANK33          256      0       0
    BANK34          256      0       0
    BANK35          256      0       0
    BANK36          256      0       0
    BANK37          256      0       0

Pointer List with Targets:

    None.

Critical Paths under _main in COMRAM

    _main->_UserAppRun

Critical Paths under _main in BANK5

    None.

Critical Paths under _main in BANK6

    None.

Critical Paths under _main in BANK7

    None.

Critical Paths under _main in BANK8

    None.

Critical Paths under _main in BANK9

    None.

Critical Paths under _main in BANK10

    None.

Critical Paths under _main in BANK11

    None.

Critical Paths under _main in BANK12

    None.

Critical Paths under _main in BANK13

    None.

Critical Paths under _main in BANK14

    None.

Critical Paths under _main in BANK15

    None.

Critical Paths under _main in BANK16

    None.

Critical Paths under _main in BANK17

    None.

Critical Paths under _main in BANK18

    None.

Critical Paths under _main in BANK19

    None.

Critical Paths under _main in BANK20

    None.

Critical Paths under _main in BANK21

    None.

Critical Paths under _main in BANK22

    None.

Critical Paths under _main in BANK23

    None.

Critical Paths under _main in BANK24

    None.

Critical Paths under _main in BANK25

    None.

Critical Paths under _main in BANK26

    None.

Critical Paths under _main in BANK27

    None.

Critical Paths under _main in BANK28

    None.

Critical Paths under _main in BANK29

    None.

Critical Paths under _main in BANK30

    None.

Critical Paths under _main in BANK31

    None.

Critical Paths under _main in BANK32

    None.

Critical Paths under _main in BANK33

    None.

Critical Paths under _main in BANK34

    None.

Critical Paths under _main in BANK35

    None.

Critical Paths under _main in BANK36

    None.

Critical Paths under _main in BANK37

    None.

Call Graph Tables:

 ---------------------------------------------------------------------------------
 (Depth) Function   	        Calls       Base Space   Used Autos Params    Refs
 ---------------------------------------------------------------------------------
 (0) _main                                                 0     0      0       0
                         _ClockSetup
                          _GpioSetup
                       _SysTickSetup
                        _SystemSleep
                  _UserAppInitialize
                         _UserAppRun
 ---------------------------------------------------------------------------------
 (1) _UserAppRun                                           2     2      0       0
                                              0 COMRAM     2     2      0
 ---------------------------------------------------------------------------------
 (1) _UserAppInitialize                                    0     0      0       0
 ---------------------------------------------------------------------------------
 (1) _SystemSleep                                          0     0      0       0
 ---------------------------------------------------------------------------------
 (1) _SysTickSetup                                         0     0      0       0
 ---------------------------------------------------------------------------------
 (1) _GpioSetup                                            0     0      0       0
 ---------------------------------------------------------------------------------
 (1) _ClockSetup                                           0     0      0       0
 ---------------------------------------------------------------------------------
 Estimated maximum stack depth 1
 ---------------------------------------------------------------------------------

 Call Graph Graphs:

 _main (ROOT)
   _ClockSetup
   _GpioSetup
   _SysTickSetup
   _SystemSleep
   _UserAppInitialize
   _UserAppRun

 Address spaces:
Name               Size   Autos  Total    Cost      Usage
BIGRAM            20FF      0       0      71        0.0%
EEDATA             400      0       0       0        0.0%
BITBANK37          100      0       0      70        0.0%
BANK37             100      0       0      68        0.0%
BITBANK36          100      0       0      66        0.0%
BANK36             100      0       0      67        0.0%
BITBANK35          100      0       0      64        0.0%
BANK35             100      0       0      65        0.0%
BITBANK34          100      0       0      62        0.0%
BANK34             100      0       0      63        0.0%
BITBANK33          100      0       0      60        0.0%
BANK33             100      0       0      61        0.0%
BITBANK32          100      0       0      58        0.0%
BANK32             100      0       0      59        0.0%
BITBANK31          100      0       0      56        0.0%
BANK31             100      0       0      57        0.0%
BITBANK30          100      0       0      54        0.0%
BANK30             100      0       0      55        0.0%
BITBANK29          100      0       0      52        0.0%
BANK29             100      0       0      53        0.0%
BITBANK28          100      0       0      50        0.0%
BANK28             100      0       0      51        0.0%
BITBANK27          100      0       0      48        0.0%
BANK27             100      0       0      49        0.0%
BITBANK26          100      0       0      46        0.0%
BANK26             100      0       0      47        0.0%
BITBANK25          100      0       0      44        0.0%
BANK25             100      0       0      45        0.0%
BITBANK24          100      0       0      42        0.0%
BANK24             100      0       0      43        0.0%
BITBANK23          100      0       0      40        0.0%
BANK23             100      0       0      41        0.0%
BITBANK22          100      0       0      38        0.0%
BANK22             100      0       0      39        0.0%
BITBANK21          100      0       0      36        0.0%
BANK21             100      0       0      37        0.0%
BITBANK20          100      0       0      34        0.0%
BANK20             100      0       0      35        0.0%
BITBANK19          100      0       0      32        0.0%
BANK19             100      0       0      33        0.0%
BITBANK18          100      0       0      30        0.0%
BANK18             100      0       0      31        0.0%
BITBANK17          100      0       0      28        0.0%
BANK17             100      0       0      29        0.0%
BITBANK16          100      0       0      26        0.0%
BANK16             100      0       0      27        0.0%
BITBANK15          100      0       0      24        0.0%
BANK15             100      0       0      25        0.0%
BITBANK14          100      0       0      22        0.0%
BANK14             100      0       0      23        0.0%
BITBANK13          100      0       0      20        0.0%
BANK13             100      0       0      21        0.0%
BITBANK12          100      0       0      18        0.0%
BANK12             100      0       0      19        0.0%
BITBANK11          100      0       0      16        0.0%
BANK11             100      0       0      17        0.0%
BITBANK10          100      0       0      14        0.0%
BANK10             100      0       0      15        0.0%
BITBANK9           100      0       0      12        0.0%
BANK9              100      0       0      13        0.0%
BITBANK8           100      0       0      10        0.0%
BANK8              100      0       0      11        0.0%
BITBANK7           100      0       0       8        0.0%
BANK7              100      0       0       9        0.0%
BITBANK6           100      0       0       6        0.0%
BANK6              100      0       0       7        0.0%
BITBANK5            A0      0       0       4        0.0%
BANK5               A0      0       0       5        0.0%
BITCOMRAM           5F      0       0       0        0.0%
COMRAM              5F      2      13       1       20.0%
BITSFR_5             0      0       0     200        0.0%
SFR_5                0      0       0     200        0.0%
BITSFR_4             0      0       0     200        0.0%
SFR_4                0      0       0     200        0.0%
BITSFR_3             0      0       0     200        0.0%
SFR_3                0      0       0     200        0.0%
BITSFR_2             0      0       0     200        0.0%
SFR_2                0      0       0     200        0.0%
BITSFR_1             0      0       0     200        0.0%
SFR_1                0      0       0     200        0.0%
BITSFR               0      0       0     200        0.0%
SFR                  0      0       0     200        0.0%
STACK                0      0       0       2        0.0%
NULL                 0      0       0       0        0.0%
ABS                  0      0      13      69        0.0%
DATA                 0      0      13       3        0.0%
CODE                 0      0       0       0        0.0%


Microchip Technology PIC18 Macro Assembler V2.31 build 20201012212115 
Symbol Table                                                                                   Fri Feb 26 15:04:31 2021

     __size_of_SysTickSetup 0022                          l22 FF7A                          l25 FF9C  
                        l19 FF4C                          l28 FF4E                          l71 FFFA  
                        l65 FF50                          u10 FFCE                          u11 FFCA  
                        u27 FFEE                         l751 FF78                         l761 FFE4  
                       l747 FF64                         l755 FFC0                         l749 FF72  
                       l757 FFCE                         l781 FFA0                         l759 FFDE  
                       l791 FFB4                         l783 FFA4                         l777 FF7C  
                       l785 FFA8                         l787 FFAC                         l779 FF9E  
                       l789 FFB0                         _RA7 002677                         _RB5 00267D  
                       wreg 0004E8                        _LATA 0004BE                        _main FF9E  
              _SysTickSetup FF7C                        start FFFC        __size_of_SystemSleep 0002  
              ___param_bank 000000                  _ClockSetup FF4C                       ?_main 0512  
                     _TRISA 0004C6                       _TRISB 0004C7             __initialization FF52  
              __end_of_main FFC0                      ??_main 0514               __activetblptr 000000  
                    _ANSELA 000400                      _ANSELB 000408          __size_of_GpioSetup 0018  
               ?_ClockSetup 0512                      clear_0 FF58                  _UserAppRun FFC0  
                __accesstop 0560     __end_of__initialization FF5E               ___rparam_used 000001  
          _G_u8UserAppFlags 0511              __pcstackCOMRAM 0512           __end_of_GpioSetup FF7C  
       __size_of_ClockSetup 0002                 ?_UserAppRun 0512               ??_SystemSleep 0512  
                   __Hparam 0000                     __Lparam 0000                     __pcinit FF52  
                   __ramtop 2600                     __ptext0 FF9E                     __ptext1 FFC0  
                   __ptext2 FF50                     __ptext3 FF4E                     __ptext4 FF7C  
                   __ptext5 FF64                     __ptext6 FF4C        end_of_initialization FF5E  
          _G_u32SystemFlags 0505                     postinc0 0004EE         __end_of_SystemSleep FF50  
              ??_ClockSetup 0512         __size_of_UserAppRun 003C          __end_of_ClockSetup FF4E  
      UserAppRun@u32counter 0501                   _GpioSetup FF64         start_initialization FF52  
             ?_SysTickSetup 0512                 _SystemSleep FF4E                  ?_GpioSetup 0512  
               __pbssCOMRAM 0501           _UserAppInitialize FF50                ??_UserAppRun 0512  
        ?_UserAppInitialize 0512              ??_SysTickSetup 0512         ??_UserAppInitialize 0512  
        __end_of_UserAppRun FFFC   __end_of_UserAppInitialize FF52                 ??_GpioSetup 0512  
                  __Hrparam 0000                    __Lrparam 0000        __end_of_SysTickSetup FF9E  
__size_of_UserAppInitialize 0002               __size_of_main 0022                ?_SystemSleep 0512  
        _G_u32SystemTime1ms 050D           _G_u32SystemTime1s 0509  
